Log file open, 11/28/17 15:30:05
LogInit:Display: Running engine for game: ArchImportiamo
LogPlatformFile: Not using cached read wrapper
LogInit:Display: RandInit(-426944782) SRandInit(-426944782).
LogTaskGraph: Started task graph with 5 named threads and 6 total threads with 1 sets of task threads.
LogStats: Stats thread started at 0.306698
LogInit: Using libcurl 7.47.1
LogInit:  - built for x86_64-pc-win32
LogInit:  - supports SSL with OpenSSL/1.0.2g
LogInit:  - supports HTTP deflate (compression) using libz 1.2.8
LogInit:  - other features:
LogInit:      CURL_VERSION_SSL
LogInit:      CURL_VERSION_LIBZ
LogInit:      CURL_VERSION_IPV6
LogInit:      CURL_VERSION_ASYNCHDNS
LogInit:      CURL_VERSION_LARGEFILE
LogInit:      CURL_VERSION_IDN
LogInit:  CurlRequestOptions (configurable via config and command line):
LogInit:  - bVerifyPeer = false  - Libcurl will NOT verify peer certificate
LogInit:  - bUseHttpProxy = false  - Libcurl will NOT use HTTP proxy
LogInit:  - bDontReuseConnections = false  - Libcurl will reuse connections
LogInit:  - CertBundlePath = nullptr  - Libcurl will use whatever was configured at build time.
LogInit: Build: ++UE4+Release-4.16-CL-3561208
LogInit: Engine Version: 4.16.3-3561208+++UE4+Release-4.16
LogInit: Compatible Engine Version: 4.16.0-3452394+++UE4+Release-4.16
LogInit: Net CL: 3452394
LogDevObjectVersion: Number of dev versions registered: 16
LogDevObjectVersion:   Dev-Blueprints (B0D832E4-1F89-4F0D-ACCF-7EB736FD4AA2): 9
LogDevObjectVersion:   Dev-Build (E1C64328-A22C-4D53-A36C-8E866417BD8C): 0
LogDevObjectVersion:   Dev-Core (375EC13C-06E4-48FB-B500-84F0262A717E): 2
LogDevObjectVersion:   Dev-Editor (E4B068ED-F494-42E9-A231-DA0B2E46BB41): 17
LogDevObjectVersion:   Dev-Framework (CFFC743F-43B0-4480-9391-14DF171D2073): 23
LogDevObjectVersion:   Dev-Mobile (B02B49B5-BB20-44E9-A304-32B752E40360): 0
LogDevObjectVersion:   Dev-Networking (A4E4105C-59A1-49B5-A7C5-40C4547EDFEE): 0
LogDevObjectVersion:   Dev-Online (39C831C9-5AE6-47DC-9A44-9C173E1C8E7C): 0
LogDevObjectVersion:   Dev-Physics (78F01B33-EBEA-4F98-B9B4-84EACCB95AA2): 0
LogDevObjectVersion:   Dev-Platform (6631380F-2D4D-43E0-8009-CF276956A95A): 0
LogDevObjectVersion:   Dev-Rendering (12F88B9F-8875-4AFC-A67C-D90C383ABD29): 15
LogDevObjectVersion:   Dev-Sequencer (7B5AE74C-D270-4C10-A958-57980B212A5A): 4
LogDevObjectVersion:   Dev-VR (D7296918-1DD6-4BDD-9DE2-64A83CC13884): 0
LogDevObjectVersion:   Dev-LoadTimes (C2A15278-BFE7-4AFE-6C17-90FF531DF755): 1
LogDevObjectVersion:   Private-Geometry (6EACA3D4-40EC-4CC1-B786-8BED09428FC5): 1
LogDevObjectVersion:   Dev-AnimPhys (29E575DD-E0A3-4627-9D10-D276232CDCEA): 3
LogInit: Compiled (64-bit): Jul 28 2017 11:49:47
LogInit: Compiled with Visual C++: 19.00.24215.01
LogInit: Build Configuration: Development
LogInit: Branch Name: ++UE4+Release-4.16
LogInit: Command line:  
LogInit: Base directory: C:/Program Files/Epic Games/UE_4.16/Engine/Binaries/Win64/
LogInit: Installed Engine Build: 1
LogInit: Presizing for max 8388607 objects, including 0 objects not considered by GC, pre-allocating 0 bytes for permanent pool.
LogInit: Object subsystem initialized
[2017.11.28-14.30.06:794][  0]LogInit: Selected Device Profile: [Windows]
[2017.11.28-14.30.06:794][  0]LogInit: Applying CVar settings loaded from the selected device profile: [Windows]
[2017.11.28-14.30.06:820][  0]LogInit: Computer: SCYTHE-3
[2017.11.28-14.30.06:820][  0]LogInit: User: giuli
[2017.11.28-14.30.06:820][  0]LogInit: CPU Page size=4096, Cores=2
[2017.11.28-14.30.06:820][  0]LogInit: High frequency timer resolution =2.437499 MHz
[2017.11.28-14.30.06:821][  0]LogMemory: Memory total: Physical=7.9GB (8GB approx)
[2017.11.28-14.30.06:821][  0]LogMemory: Platform Memory Stats for Windows
[2017.11.28-14.30.06:821][  0]LogMemory: Process Physical Memory: 273.37 MB used, 273.37 MB peak
[2017.11.28-14.30.06:821][  0]LogMemory: Process Virtual Memory: 266.53 MB used, 266.53 MB peak
[2017.11.28-14.30.06:821][  0]LogMemory: Physical Memory: 4803.94 MB used,  3313.15 MB free, 8117.09 MB total
[2017.11.28-14.30.06:821][  0]LogMemory: Virtual Memory: 675.74 MB used,  3313.15 MB free, 134217728.00 MB total
[2017.11.28-14.30.06:987][  0]LogInit: Using OS detected language (it-IT).
[2017.11.28-14.30.06:987][  0]LogInit: Using OS detected locale (it-IT).
[2017.11.28-14.30.06:997][  0]LogTextLocalizationManager: No localization for 'it-IT' exists, so 'en' will be used for the language.
[2017.11.28-14.30.06:998][  0]LogTextLocalizationManager: No localization for 'it-IT' exists, so 'en' will be used for the locale.
[2017.11.28-14.30.08:888][  0]LogD3D11RHI: D3D11 adapters:
[2017.11.28-14.30.08:898][  0]LogD3D11RHI:    0. 'Intel(R) HD Graphics 520' (Feature Level 11_0)
[2017.11.28-14.30.08:898][  0]LogD3D11RHI:       128/0/4058 MB DedicatedVideo/DedicatedSystem/SharedSystem, Outputs:1, VendorId:0x8086
[2017.11.28-14.30.08:903][  0]LogD3D11RHI:    1. 'Microsoft Basic Render Driver' (Feature Level 11_0)
[2017.11.28-14.30.08:903][  0]LogD3D11RHI:       0/0/4058 MB DedicatedVideo/DedicatedSystem/SharedSystem, Outputs:0, VendorId:0x1414
[2017.11.28-14.30.08:903][  0]LogD3D11RHI: Chosen D3D11 Adapter: 0
[2017.11.28-14.30.08:912][  0]LogD3D11RHI: Creating new Direct3DDevice
[2017.11.28-14.30.08:912][  0]LogD3D11RHI:     GPU DeviceId: 0x1916 (for the marketing name, search the web for "GPU Device Id")
[2017.11.28-14.30.08:912][  0]LogWindows: EnumDisplayDevices:
[2017.11.28-14.30.08:912][  0]LogWindows:    0. 'Intel(R) HD Graphics 520' (P:1 D:1)
[2017.11.28-14.30.08:913][  0]LogWindows:    1. 'Intel(R) HD Graphics 520' (P:0 D:0)
[2017.11.28-14.30.08:913][  0]LogWindows:    2. 'Intel(R) HD Graphics 520' (P:0 D:0)
[2017.11.28-14.30.08:913][  0]LogWindows: DebugString: GetVideoDriverDetailsInvalid PrimaryIsNotTheChoosenAdapter GetVideoDriverDetailsInvalid PrimaryIsNotTheChoosenAdapter GetVideoDriverDetailsInvalid PrimaryIsNotTheChoosenAdapter FoundDriverCount:0 
[2017.11.28-14.30.08:913][  0]LogD3D11RHI:     Adapter Name: Intel(R) HD Graphics 520
[2017.11.28-14.30.08:913][  0]LogD3D11RHI:   Driver Version: Unknown (internal:Unknown, unified:Unknown)
[2017.11.28-14.30.08:913][  0]LogD3D11RHI:      Driver Date: Unknown
[2017.11.28-14.30.08:913][  0]LogRHI: Texture pool is 1361 MB (70% of 1945 MB)
[2017.11.28-14.30.08:919][  0]LogD3D11RHI: Async texture creation enabled
[2017.11.28-14.30.08:931][  0]LogD3D11RHI: GPU Timing Frequency: 12.000000 (Debug: 2 0)
[2017.11.28-14.30.08:935][  0]LogShaderCompilers: Guid format shader working directory is -34 characters bigger than the processId version (../../../../../../Users/giuli/Documents/git_rep/ArchImportazioni/ArchImportiamo/Intermediate/Shaders/WorkingDirectory/17364/).
[2017.11.28-14.30.08:935][  0]LogShaderCompilers: Cleaned the shader compiler working directory 'C:/Users/giuli/AppData/Local/Temp/UnrealShaderWorkingDir/E2A58CCE4471B0704731D28C07BEAF55/'.
[2017.11.28-14.30.08:935][  0]LogShaderCompilers:Display: Using Local Shader Compiler.
[2017.11.28-14.30.11:160][  0]LogTemp:Display: Loaded TP AllDesktopTargetPlatform
[2017.11.28-14.30.11:273][  0]LogTemp:Display: Loaded TP MacClientTargetPlatform
[2017.11.28-14.30.11:390][  0]LogTemp:Display: Loaded TP MacNoEditorTargetPlatform
[2017.11.28-14.30.11:491][  0]LogTemp:Display: Loaded TP MacServerTargetPlatform
[2017.11.28-14.30.11:601][  0]LogTemp:Display: Loaded TP MacTargetPlatform
[2017.11.28-14.30.11:700][  0]LogTemp:Display: Loaded TP WindowsClientTargetPlatform
[2017.11.28-14.30.11:798][  0]LogTemp:Display: Loaded TP WindowsNoEditorTargetPlatform
[2017.11.28-14.30.11:895][  0]LogTemp:Display: Loaded TP WindowsServerTargetPlatform
[2017.11.28-14.30.11:981][  0]LogTemp:Display: Loaded TP WindowsTargetPlatform
[2017.11.28-14.30.12:073][  0]LogTemp:Display: Loaded TP AndroidTargetPlatform
[2017.11.28-14.30.12:162][  0]LogTemp:Display: Loaded TP Android_ASTCTargetPlatform
[2017.11.28-14.30.12:265][  0]LogTemp:Display: Loaded TP Android_ATCTargetPlatform
[2017.11.28-14.30.12:396][  0]LogTemp:Display: Loaded TP Android_DXTTargetPlatform
[2017.11.28-14.30.12:488][  0]LogTemp:Display: Loaded TP Android_ETC1TargetPlatform
[2017.11.28-14.30.12:588][  0]LogTemp:Display: Loaded TP Android_ETC2TargetPlatform
[2017.11.28-14.30.12:771][  0]LogTemp:Display: Loaded TP Android_MultiTargetPlatform
[2017.11.28-14.30.12:772][  0]LogTemp:Display: Loaded TP Android_PVRTCTargetPlatform
[2017.11.28-14.30.12:850][  0]LogTemp:Display: Loaded TP HTML5TargetPlatform
[2017.11.28-14.30.13:008][  0]LogTemp:Display: Loaded TP IOSTargetPlatform
[2017.11.28-14.30.13:073][  0]LogTemp:Display: Loaded TP TVOSTargetPlatform
[2017.11.28-14.30.13:165][  0]LogTemp:Display: Loaded TP LinuxClientTargetPlatform
[2017.11.28-14.30.13:262][  0]LogTemp:Display: Loaded TP LinuxNoEditorTargetPlatform
[2017.11.28-14.30.13:356][  0]LogTemp:Display: Loaded TP LinuxServerTargetPlatform
[2017.11.28-14.30.13:456][  0]LogTemp:Display: Loaded TP LinuxTargetPlatform
[2017.11.28-14.30.13:456][  0]LogTargetPlatformManager:Display: Building Assets For Windows
[2017.11.28-14.30.14:465][  0]LogDerivedDataCache:Display: Max Cache Size: 512 MB
[2017.11.28-14.30.14:704][  0]LogDerivedDataCache: Loaded boot cache 0.24s 90MB C:/Users/giuli/AppData/Local/UnrealEngine/4.16/DerivedDataCache/Boot.ddc.
[2017.11.28-14.30.14:705][  0]LogDerivedDataCache:Display: Loaded Boot cache: C:/Users/giuli/AppData/Local/UnrealEngine/4.16/DerivedDataCache/Boot.ddc
[2017.11.28-14.30.14:705][  0]LogDerivedDataCache: FDerivedDataBackendGraph:  Pak pak cache file ../../../../../../Users/giuli/Documents/git_rep/ArchImportazioni/ArchImportiamo/DerivedDataCache/DDC.ddp not found, will not use a pak cache.
[2017.11.28-14.30.14:705][  0]LogDerivedDataCache: Unable to find inner node Pak for hierarchical cache Hierarchy.
[2017.11.28-14.30.14:706][  0]LogDerivedDataCache: FDerivedDataBackendGraph:  CompressedPak pak cache file ../../../../../../Users/giuli/Documents/git_rep/ArchImportazioni/ArchImportiamo/DerivedDataCache/Compressed.ddp not found, will not use a pak cache.
[2017.11.28-14.30.14:706][  0]LogDerivedDataCache: Unable to find inner node CompressedPak for hierarchical cache Hierarchy.
[2017.11.28-14.30.14:729][  0]LogDerivedDataCache:Display: Pak cache opened for reading ../../../Engine/DerivedDataCache/Compressed.ddp.
[2017.11.28-14.30.14:743][  0]LogDerivedDataCache: Using Local data cache path C:/Users/giuli/AppData/Local/UnrealEngine/Common/DerivedDataCache: Writable
[2017.11.28-14.30.14:765][  0]LogMaterial: Verifying Global Shaders for PCD3D_SM5
[2017.11.28-14.30.14:766][  0]LogSlate: Using Freetype 2.6.0
[2017.11.28-14.30.14:768][  0]LogSlate: SlateFontCache - WITH_FREETYPE: 1, WITH_HARFBUZZ: 1
[2017.11.28-14.30.14:768][  0]LogSlate: SlateFontCache - WITH_FREETYPE: 1, WITH_HARFBUZZ: 1
[2017.11.28-14.30.15:633][  0]LogInit: Selected Device Profile: [Windows]
[2017.11.28-14.30.15:769][  0]LogContentStreaming: Texture pool size is 0.00 MB
[2017.11.28-14.30.16:050][  0]LogMeshUtilities: Using QuadricMeshReduction for automatic static mesh reduction
[2017.11.28-14.30.16:131][  0]LogSimplygon: Simplygon DLL not present - disabling.
[2017.11.28-14.30.16:218][  0]LogMeshUtilities: Using SimplygonSwarm for distributed automatic mesh merging
[2017.11.28-14.30.16:218][  0]LogMeshUtilities: No automatic skeletal mesh reduction module available
[2017.11.28-14.30.16:218][  0]LogMeshUtilities: No automatic mesh merging module available
[2017.11.28-14.30.17:242][  0]LogNetVersion: ArchImportiamo , NetCL: 3452394, EngineNetVer: 2, GameNetVer: 0 (Checksum: 788347396)
[2017.11.28-14.30.17:355][  0]LogAssetRegistry: FAssetRegistry took 0.0290 seconds to start up
[2017.11.28-14.30.17:457][  0]LogPackageLocalizationCache: Processed 4 localized package path(s) for 1 prioritized culture(s) in 0.053018 seconds
[2017.11.28-14.30.17:468][  0]LogUObjectArray: 34194 objects as part of root set at end of initial load.
[2017.11.28-14.30.17:468][  0]LogUObjectAllocator: 7260416 out of 0 bytes used by permanent object pool.
[2017.11.28-14.30.17:468][  0]LogUObjectArray: CloseDisregardForGC: 0/0 objects in disregard for GC pool
[2017.11.28-14.30.17:624][  0]LogInit: WinSock: version 1.1 (2.2), MaxSocks=32767, MaxUdp=65467
[2017.11.28-14.30.23:003][  0]LogTcpMessaging: Initializing TcpMessaging bridge
[2017.11.28-14.30.23:075][  0]LogUdpMessaging: Initializing bridge on interface 0.0.0.0:0 to multicast group 230.0.0.1:6666.
[2017.11.28-14.30.24:060][  0]LogMaterial: Uniform references updated for custom material expression Custom.
[2017.11.28-14.30.24:851][  0]SourceControl: Info Source control is disabled
[2017.11.28-14.30.24:964][  0]SourceControl: Info Source control is disabled
[2017.11.28-14.30.25:059][  0]SourceControl: Info Source control is disabled
[2017.11.28-14.30.25:147][  0]SourceControl: Info Source control is disabled
[2017.11.28-14.30.26:469][  0]LogAndroidPermission: UAndroidPermissionCallbackProxy::GetInstance
[2017.11.28-14.30.27:567][  0]LogEngine: Initializing Engine...
[2017.11.28-14.30.27:568][  0]LogHMD: Failed to initialize OpenVR with code 110
[2017.11.28-14.30.27:875][  0]LogStats: UGameplayTagsManager::ConstructGameplayTagTree: Construct from data asset -  0.000 s
[2017.11.28-14.30.27:875][  0]LogStats: UGameplayTagsManager::ConstructGameplayTagTree: GameplayTagTreeChangedEvent.Broadcast -  0.000 s
[2017.11.28-14.30.28:121][  0]LogAIModule: Creating AISystem for world Untitled
[2017.11.28-14.30.28:141][  0]LogInit: XAudio2 using 'Altoparlanti (Realtek High Definition Audio(SST))' : 2 channels at 48 kHz using 32 bits per sample (channel mask 0x3)
[2017.11.28-14.30.28:169][  0]LogInit: FAudioDevice initialized.
[2017.11.28-14.30.28:241][  0]LogDerivedDataCache: Saved boot cache 0.07s 90MB C:/Users/giuli/AppData/Local/UnrealEngine/4.16/DerivedDataCache/Boot.ddc.
[2017.11.28-14.30.28:270][  0]LogInit: Texture streaming: Enabled
[2017.11.28-14.30.28:506][  0]LogEngineSessionManager: EngineSessionManager initialized
[2017.11.28-14.30.28:947][  0]LogInit: Transaction tracking system initialized
[2017.11.28-14.30.29:622][  0]BlueprintLog: New page: Editor Load
[2017.11.28-14.30.31:550][  0]LocalizationService: Info Localization service is disabled
[2017.11.28-14.30.32:961][  0]LogConsoleResponse:Display: 
[2017.11.28-14.30.33:259][  0]LogCook:Display: Max memory allowance for cook 16384mb min free memory 0mb
[2017.11.28-14.30.33:259][  0]LogCook:Display: Mobile HDR setting 1
[2017.11.28-14.30.33:895][  0]LogFileCache: Scanning file cache for directory 'C:/Users/giuli/Documents/git_rep/ArchImportazioni/ArchImportiamo/Content/' took 0.03s
[2017.11.28-14.30.35:419][  0]SourceControl: Info Source control is disabled
[2017.11.28-14.30.35:420][  0]Cmd: MAP LOAD FILE="../../../../../../Users/giuli/Documents/git_rep/ArchImportazioni/ArchImportiamo/Content/FirstPersonBP/Maps/FirstPersonExampleMap.umap" TEMPLATE=0 SHOWPROGRESS=1 FEATURELEVEL=3
[2017.11.28-14.30.35:421][  0]LightingResults: New page: Lighting Build
[2017.11.28-14.30.35:505][  0]MapCheck: New page: Map Check
[2017.11.28-14.30.35:505][  0]LightingResults: New page: Lighting Build
[2017.11.28-14.30.36:357][  0]LogAIModule: Creating AISystem for world FirstPersonExampleMap
[2017.11.28-14.30.36:378][  0]LogEditorServer: Finished looking for orphan Actors (0.000 secs)
[2017.11.28-14.30.36:448][  0]Cmd: MAP CHECKDEP NOCLEARLOG
[2017.11.28-14.30.36:537][  0]MapCheck: Info Map check complete: 0 Error(s), 0 Warning(s), took 89.191ms to complete.
[2017.11.28-14.30.36:537][  0]LogFileHelpers: Loading map 'FirstPersonExampleMap' took 1.118
[2017.11.28-14.30.36:645][  0]LogWindowsTextInputMethodSystem:Display: IME system now deactivated.
[2017.11.28-14.30.36:645][  0]LogWindowsTextInputMethodSystem:Display: IME system now deactivated.
[2017.11.28-14.30.36:824][  0]LogCollectionManager: Loaded 0 collections in 0.002041 seconds
[2017.11.28-14.30.37:022][  0]LogFileCache: Scanning file cache for directory 'C:/Users/giuli/Documents/git_rep/ArchImportazioni/ArchImportiamo/Saved/Collections/' took 0.01s
[2017.11.28-14.30.37:022][  0]LogFileCache: Scanning file cache for directory 'C:/Users/giuli/Documents/git_rep/ArchImportazioni/ArchImportiamo/Content/Developers/giuli/Collections/' took 0.01s
[2017.11.28-14.30.37:022][  0]LogFileCache: Scanning file cache for directory 'C:/Users/giuli/Documents/git_rep/ArchImportazioni/ArchImportiamo/Content/Collections/' took 0.01s
[2017.11.28-14.30.37:022][  0]LogCollectionManager: Rebuilt the GUID cache for 0 collections in 0.000002 seconds
[2017.11.28-14.30.37:034][  0]LogContentBrowser: Native class hierarchy populated in 0.0119 seconds. Added 2329 classes and 491 folders.
[2017.11.28-14.30.37:169][  0]LogContentBrowser: Native class hierarchy updated for 'WidgetCarousel' in 0.0007 seconds. Added 0 classes and 0 folders.
[2017.11.28-14.30.37:224][  0]LogContentBrowser: Native class hierarchy updated for 'AddContentDialog' in 0.0009 seconds. Added 0 classes and 0 folders.
[2017.11.28-14.30.37:309][  0]LogContentBrowser: Native class hierarchy updated for 'SceneOutliner' in 0.0009 seconds. Added 1 classes and 2 folders.
[2017.11.28-14.30.37:385][  0]LogCrashTracker: Crashtracker disabled due to settings.
[2017.11.28-14.30.37:398][  0]LogSlate: Took 0.000771 seconds to synchronously load lazily loaded font '../../../Engine/Content/Slate/Fonts/Roboto-Regular.ttf' (155K)
[2017.11.28-14.30.37:401][  0]LogSlate: Took 0.000311 seconds to synchronously load lazily loaded font '../../../Engine/Content/Slate/Fonts/Roboto-Bold.ttf' (160K)
[2017.11.28-14.30.37:410][  0]LogSlate: Took 0.000449 seconds to synchronously load lazily loaded font '../../../Engine/Content/Editor/Slate/Fonts/FontAwesome.ttf' (139K)
[2017.11.28-14.30.37:538][  0]LogRenderer: Reallocating scene render targets to support 784x536 NumSamples 1 (Frame:1).
[2017.11.28-14.30.38:673][  0]LogUObjectGlobals:Warning: Failed to find object 'Class None.'
[2017.11.28-14.30.38:803][  0]LogContentBrowser: Native class hierarchy updated for 'HierarchicalLODOutliner' in 0.0010 seconds. Added 1 classes and 2 folders.
[2017.11.28-14.30.38:803][  0]LogLoad: (Engine Initialization) Total time: 39.88 seconds
[2017.11.28-14.30.38:803][  0]LogLoad: (Engine Initialization) Total Blueprint compile time: 0.29 seconds
[2017.11.28-14.30.38:804][  0]LogExternalProfiler: Found external profiler: VSPerf
[2017.11.28-14.30.38:804][  0]LogExternalProfiler: Using external profiler: VSPerf
[2017.11.28-14.30.38:824][  0]LogOcInput: OculusInput pre-init called
[2017.11.28-14.30.38:824][  0]LogHMD: Starting GearVRController plugin
[2017.11.28-14.30.38:843][  0]LogContentStreaming: Texture pool size now 1000 MB
[2017.11.28-14.30.39:496][  6]LogAssetRegistry: Asset discovery search completed in 22.1643 seconds
[2017.11.28-14.30.39:506][  6]LogCollectionManager: Rebuilt the object cache for 0 collections in 0.000001 seconds (found 0 objects)
[2017.11.28-14.30.39:506][  6]LogCollectionManager: Fixed up redirectors for 0 collections in 0.000100 seconds (updated 0 objects)
[2017.11.28-14.30.41:105][ 49]LogSlate: Took 0.000881 seconds to synchronously load lazily loaded font '../../../Engine/Content/Slate/Fonts/Roboto-Light.ttf' (159K)
[2017.11.28-14.30.42:806][ 94]LogSlate: Took 0.000382 seconds to synchronously load lazily loaded font '../../../Engine/Content/Slate/Fonts/Roboto-Light.ttf' (159K)
[2017.11.28-14.30.44:280][ 94]LogAIModule: Creating AISystem for world ShowCase
[2017.11.28-14.30.44:415][ 94]LogSlate: Took 0.000427 seconds to synchronously load lazily loaded font '../../../Engine/Content/Slate/Fonts/Roboto-Regular.ttf' (155K)
[2017.11.28-14.30.44:470][ 94]Cmd: MAP LOAD FILE="../../../../../../Users/giuli/Documents/git_rep/ArchImportazioni/ArchImportiamo/Content/ShowCase.umap" TEMPLATE=0 SHOWPROGRESS=1 FEATURELEVEL=3
[2017.11.28-14.30.44:470][ 94]LightingResults: New page: Lighting Build
[2017.11.28-14.30.44:472][ 94]LoadErrors: New page: Loading map: ShowCase.umap
[2017.11.28-14.30.44:474][ 94]MapCheck: New page: Map Check
[2017.11.28-14.30.44:474][ 94]LightingResults: New page: Lighting Build
[2017.11.28-14.30.44:735][ 94]LogEditorServer: Finished looking for orphan Actors (0.000 secs)
[2017.11.28-14.30.44:799][ 94]Cmd: MAP CHECKDEP NOCLEARLOG
[2017.11.28-14.30.44:925][ 94]MapCheck: Info Map check complete: 0 Error(s), 0 Warning(s), took 125.949ms to complete.
[2017.11.28-14.30.44:925][ 94]LogFileHelpers: Loading map 'ShowCase' took 0.457
[2017.11.28-14.30.55:020][308]LogEditorViewport: Clicking on Actor (LMB): m1_C (m1)
[2017.11.28-14.30.55:719][319]LogSlate: Took 0.000795 seconds to synchronously load lazily loaded font '../../../Engine/Content/Editor/Slate/Fonts/Roboto-Italic.ttf' (157K)
[2017.11.28-14.32.08:715][709]Cmd: OBJ SAVEPACKAGE PACKAGE="/Game/ShowCase" FILE="../../../../../../Users/giuli/Documents/git_rep/ArchImportazioni/ArchImportiamo/Content/ShowCase.umap" SILENT=true AUTOSAVING=false KEEPDIRTY=false
[2017.11.28-14.32.10:753][709]LogSavePackage: Save=1911.55ms
[2017.11.28-14.32.10:753][709]LogSavePackage: Moving '../../../../../../Users/giuli/Documents/git_rep/ArchImportazioni/ArchImportiamo/Saved/ShowCase1618154448C0636A0AA2DFB47B243A7A.tmp' to '../../../../../../Users/giuli/Documents/git_rep/ArchImportazioni/ArchImportiamo/Content/ShowCase.umap'
[2017.11.28-14.32.10:772][709]LogSavePackage:Display: Finished SavePackage ../../../../../../Users/giuli/Documents/git_rep/ArchImportazioni/ArchImportiamo/Content/ShowCase.umap
[2017.11.28-14.32.10:815][709]Cmd: OBJ SAVEPACKAGE PACKAGE="/Game/ShowCase_BuiltData" FILE="../../../../../../Users/giuli/Documents/git_rep/ArchImportazioni/ArchImportiamo/Content/ShowCase_BuiltData.uasset" SILENT=true
[2017.11.28-14.32.13:852][709]LogSavePackage: Save=2906.92ms
[2017.11.28-14.32.13:852][709]LogSavePackage: Moving '../../../../../../Users/giuli/Documents/git_rep/ArchImportazioni/ArchImportiamo/Saved/ShowCase_BuiltDataFE78D18B425311459978B9A74077F6E0.tmp' to '../../../../../../Users/giuli/Documents/git_rep/ArchImportazioni/ArchImportiamo/Content/ShowCase_BuiltData.uasset'
[2017.11.28-14.32.13:863][709]LogSavePackage:Display: Finished SavePackage ../../../../../../Users/giuli/Documents/git_rep/ArchImportazioni/ArchImportiamo/Content/ShowCase_BuiltData.uasset
[2017.11.28-14.32.43:825][ 47]LogContentBrowser: Native class hierarchy updated for 'BlueprintGraph' in 0.0031 seconds. Added 112 classes and 0 folders.
[2017.11.28-14.32.45:212][ 47]LogSlate: Took 0.000331 seconds to synchronously load lazily loaded font '../../../Engine/Content/Editor/Slate/Fonts/Roboto-BoldCondensed.ttf' (158K)
[2017.11.28-14.32.47:000][ 70]LogRenderer: Reallocating scene render targets to support 832x536 NumSamples 1 (Frame:1).
[2017.11.28-14.32.58:600][187]LogSlate: Took 0.001824 seconds to synchronously load lazily loaded font '../../../Engine/Content/Slate/Fonts/Roboto-Light.ttf' (159K)
[2017.11.28-14.33.23:306][473]Cmd: OBJ SAVEPACKAGE PACKAGE="/Game/m1/m2_text" FILE="../../../../../../Users/giuli/Documents/git_rep/ArchImportazioni/ArchImportiamo/Content/m1/m2_text.uasset" SILENT=true
[2017.11.28-14.33.23:393][473]LogSavePackage: Save=74.84ms
[2017.11.28-14.33.23:393][473]LogSavePackage: Moving '../../../../../../Users/giuli/Documents/git_rep/ArchImportazioni/ArchImportiamo/Saved/m2_text00EC7531433160313C02EBB442F289FD.tmp' to '../../../../../../Users/giuli/Documents/git_rep/ArchImportazioni/ArchImportiamo/Content/m1/m2_text.uasset'
[2017.11.28-14.33.23:422][473]LogSavePackage:Display: Finished SavePackage ../../../../../../Users/giuli/Documents/git_rep/ArchImportazioni/ArchImportiamo/Content/m1/m2_text.uasset
[2017.11.28-14.33.44:846][728]LogAIModule: Creating AISystem for world StarterMap
[2017.11.28-14.33.45:554][728]Cmd: MAP LOAD FILE="../../../../../../Users/giuli/Documents/git_rep/ArchImportazioni/ArchImportiamo/Content/StarterContent/Maps/StarterMap.umap" TEMPLATE=0 SHOWPROGRESS=1 FEATURELEVEL=3
[2017.11.28-14.33.45:554][728]LightingResults: New page: Lighting Build
[2017.11.28-14.33.45:556][728]LoadErrors: New page: Loading map: StarterMap.umap
[2017.11.28-14.33.45:569][728]MapCheck: New page: Map Check
[2017.11.28-14.33.45:569][728]LightingResults: New page: Lighting Build
[2017.11.28-14.33.45:931][728]LogEditorServer: Finished looking for orphan Actors (0.000 secs)
[2017.11.28-14.33.46:047][728]Cmd: MAP CHECKDEP NOCLEARLOG
[2017.11.28-14.33.46:248][728]MapCheck: Info Map check complete: 0 Error(s), 0 Warning(s), took 200.211ms to complete.
[2017.11.28-14.33.46:249][728]LogFileHelpers: Loading map 'StarterMap' took 0.701
[2017.11.28-14.33.46:393][729]LogHttp:Warning: 0000024601A5BB80: request failed, libcurl error: 6 (Couldn't resolve host name)
[2017.11.28-14.33.46:393][729]LogHttp:Warning: 0000024601A5BB80: libcurl info message cache 0 (Found bundle for host datarouter.ol.epicgames.com: 0x24665517fe8 [can pipeline])
[2017.11.28-14.33.46:393][729]LogHttp:Warning: 0000024601A5BB80: libcurl info message cache 1 (Re-using existing connection! (#0) with host datarouter.ol.epicgames.com)
[2017.11.28-14.33.46:393][729]LogHttp:Warning: 0000024601A5BB80: libcurl info message cache 2 (Connected to datarouter.ol.epicgames.com (54.152.133.238) port 443 (#0))
[2017.11.28-14.33.46:393][729]LogHttp:Warning: 0000024601A5BB80: libcurl info message cache 3 (upload completely sent off: 1058 out of 1058 bytes)
[2017.11.28-14.33.46:393][729]LogHttp:Warning: 0000024601A5BB80: libcurl info message cache 4 (SSL read: error:00000000:lib(0):func(0):reason(0), errno 10054)
[2017.11.28-14.33.46:393][729]LogHttp:Warning: 0000024601A5BB80: libcurl info message cache 5 (Connection died, retrying a fresh connect)
[2017.11.28-14.33.46:393][729]LogHttp:Warning: 0000024601A5BB80: libcurl info message cache 6 (Closing connection 0)
[2017.11.28-14.33.46:393][729]LogHttp:Warning: 0000024601A5BB80: libcurl info message cache 7 (Issue another request to this URL: 'https://datarouter.ol.epicgames.com/datarouter/api/v1/public/data?SessionID=%7B7CAF8432-4598-696B-EF2B-399C020E1295%7D&AppID=UEEditor.Rocket.Release&AppVersion=4.16.3-3561208%2B%2B%2BUE4%2BRelease-4.16&UserID=45a8f4cf48de3d1a6c2cc68578b53b47%7C68b28449b37e4eac99203910d9fdba96%7C13bec4b4-8fac-450e-ba5b-0078e25690ba&AppEnvironment=datacollector-binary&UploadType=eteventstream')
[2017.11.28-14.33.46:393][729]LogHttp:Warning: 0000024601A5BB80: libcurl info message cache 8 (Could not resolve host: datarouter.ol.epicgames.com)
[2017.11.28-14.33.46:393][729]LogHttp:Warning: 0000024601A5BB80: libcurl info message cache 9 (Closing connection 1)
[2017.11.28-14.34.38:946][507]LogHttp:Warning: 0000024688C26680: request failed, libcurl error: 6 (Couldn't resolve host name)
[2017.11.28-14.34.38:946][507]LogHttp:Warning: 0000024688C26680: libcurl info message cache 0 (Could not resolve host: datarouter.ol.epicgames.com)
[2017.11.28-14.34.38:946][507]LogHttp:Warning: 0000024688C26680: libcurl info message cache 1 (Closing connection 2)
[2017.11.28-14.36.07:579][476]LogMaterial: Missing cached shader map for material M_Metal_Chrome, compiling. 
[2017.11.28-14.36.07:949][476]LogMaterial: Missing cached shader map for material M_Metal_Chrome, compiling. 
[2017.11.28-14.36.08:025][476]LogMaterial: Missing cached shader map for material M_Metal_Chrome, compiling. 
[2017.11.28-14.36.08:106][476]LogMaterial: Missing cached shader map for material FMatExpressionPreview MaterialExpressionTextureSample_49, compiling. 
[2017.11.28-14.36.08:121][476]LogMaterial: Missing cached shader map for material FMatExpressionPreview MaterialExpressionTextureSample_50, compiling. 
[2017.11.28-14.36.08:141][476]LogMaterial: Missing cached shader map for material FMatExpressionPreview MaterialExpressionTextureSample_51, compiling. 
[2017.11.28-14.36.27:111][705]LogAIModule: Creating AISystem for world ShowCase
[2017.11.28-14.36.29:470][705]Cmd: MAP LOAD FILE="../../../../../../Users/giuli/Documents/git_rep/ArchImportazioni/ArchImportiamo/Content/ShowCase.umap" TEMPLATE=0 SHOWPROGRESS=1 FEATURELEVEL=3
[2017.11.28-14.36.29:473][705]LightingResults: New page: Lighting Build
[2017.11.28-14.36.29:475][705]LoadErrors: New page: Loading map: ShowCase.umap
[2017.11.28-14.36.29:480][705]MapCheck: New page: Map Check
[2017.11.28-14.36.29:481][705]LightingResults: New page: Lighting Build
[2017.11.28-14.36.30:317][705]LogEditorServer: Finished looking for orphan Actors (0.000 secs)
[2017.11.28-14.36.31:521][705]Cmd: MAP CHECKDEP NOCLEARLOG
[2017.11.28-14.36.31:788][705]MapCheck: Info Map check complete: 0 Error(s), 0 Warning(s), took 266.688ms to complete.
[2017.11.28-14.36.31:792][705]LogFileHelpers: Loading map 'ShowCase' took 2.323
[2017.11.28-14.37.24:324][120]LogRenderer: Reallocating scene render targets to support 1020x756 NumSamples 1 (Frame:1).
[2017.11.28-14.38.14:404][550]Cmd: OBJ SAVEPACKAGE PACKAGE="/Game/m1/m2_text" FILE="../../../../../../Users/giuli/Documents/git_rep/ArchImportazioni/ArchImportiamo/Content/m1/m2_text.uasset" SILENT=true
[2017.11.28-14.38.14:508][550]LogSavePackage: Save=66.10ms
[2017.11.28-14.38.14:508][550]LogSavePackage: Moving '../../../../../../Users/giuli/Documents/git_rep/ArchImportazioni/ArchImportiamo/Saved/m2_text40572082402C4008F8DD34B2E8D51A0D.tmp' to '../../../../../../Users/giuli/Documents/git_rep/ArchImportazioni/ArchImportiamo/Content/m1/m2_text.uasset'
[2017.11.28-14.38.14:533][550]LogSavePackage:Display: Finished SavePackage ../../../../../../Users/giuli/Documents/git_rep/ArchImportazioni/ArchImportiamo/Content/m1/m2_text.uasset
[2017.11.28-14.39.55:861][531]Cmd: OBJ SAVEPACKAGE PACKAGE="/Game/m1/m2_text" FILE="../../../../../../Users/giuli/Documents/git_rep/ArchImportazioni/ArchImportiamo/Content/m1/m2_text.uasset" SILENT=true
[2017.11.28-14.39.55:944][531]LogSavePackage: Save=58.51ms
[2017.11.28-14.39.55:944][531]LogSavePackage: Moving '../../../../../../Users/giuli/Documents/git_rep/ArchImportazioni/ArchImportiamo/Saved/m2_textA3E1CAAE44FD1892F89B6A835A175765.tmp' to '../../../../../../Users/giuli/Documents/git_rep/ArchImportazioni/ArchImportiamo/Content/m1/m2_text.uasset'
[2017.11.28-14.39.55:964][531]LogSavePackage:Display: Finished SavePackage ../../../../../../Users/giuli/Documents/git_rep/ArchImportazioni/ArchImportiamo/Content/m1/m2_text.uasset
[2017.11.28-14.41.36:296][502]BlueprintLog: New page: Compile m2_text
[2017.11.28-14.41.37:623][510]Cmd: OBJ SAVEPACKAGE PACKAGE="/Game/m1/m2_text" FILE="../../../../../../Users/giuli/Documents/git_rep/ArchImportazioni/ArchImportiamo/Content/m1/m2_text.uasset" SILENT=true
[2017.11.28-14.41.37:735][510]LogSavePackage: Save=72.28ms
[2017.11.28-14.41.37:735][510]LogSavePackage: Moving '../../../../../../Users/giuli/Documents/git_rep/ArchImportazioni/ArchImportiamo/Saved/m2_textD647AB814D0A9ACBFE632E9A608AB0F2.tmp' to '../../../../../../Users/giuli/Documents/git_rep/ArchImportazioni/ArchImportiamo/Content/m1/m2_text.uasset'
[2017.11.28-14.41.37:765][510]LogSavePackage:Display: Finished SavePackage ../../../../../../Users/giuli/Documents/git_rep/ArchImportazioni/ArchImportiamo/Content/m1/m2_text.uasset
[2017.11.28-14.42.20:823][251]Cmd: OBJ SAVEPACKAGE PACKAGE="/Game/ShowCase" FILE="../../../../../../Users/giuli/Documents/git_rep/ArchImportazioni/ArchImportiamo/Content/ShowCase.umap" SILENT=true AUTOSAVING=false KEEPDIRTY=false
[2017.11.28-14.42.22:237][251]LogSavePackage: Save=1318.36ms
[2017.11.28-14.42.22:238][251]LogSavePackage: Moving '../../../../../../Users/giuli/Documents/git_rep/ArchImportazioni/ArchImportiamo/Saved/ShowCase4FC83E5F4D804B3100E8B2BBEF794CF8.tmp' to '../../../../../../Users/giuli/Documents/git_rep/ArchImportazioni/ArchImportiamo/Content/ShowCase.umap'
[2017.11.28-14.42.22:245][251]LogSavePackage:Display: Finished SavePackage ../../../../../../Users/giuli/Documents/git_rep/ArchImportazioni/ArchImportiamo/Content/ShowCase.umap
[2017.11.28-14.42.22:271][251]Cmd: OBJ SAVEPACKAGE PACKAGE="/Game/ShowCase_BuiltData" FILE="../../../../../../Users/giuli/Documents/git_rep/ArchImportazioni/ArchImportiamo/Content/ShowCase_BuiltData.uasset" SILENT=true
[2017.11.28-14.42.24:420][251]LogSavePackage: Save=2049.04ms
[2017.11.28-14.42.24:420][251]LogSavePackage: Moving '../../../../../../Users/giuli/Documents/git_rep/ArchImportazioni/ArchImportiamo/Saved/ShowCase_BuiltData14CA594E417AB87C1B74E4A503F863DF.tmp' to '../../../../../../Users/giuli/Documents/git_rep/ArchImportazioni/ArchImportiamo/Content/ShowCase_BuiltData.uasset'
[2017.11.28-14.42.24:426][251]LogSavePackage:Display: Finished SavePackage ../../../../../../Users/giuli/Documents/git_rep/ArchImportazioni/ArchImportiamo/Content/ShowCase_BuiltData.uasset
[2017.11.28-14.42.31:317][432]LogSlate: Only BGRA pngs, bmps or icos are supported in by External Image Picker
[2017.11.28-14.42.31:621][439]LogTemp: Executing iPhonePackager certificates Engine -bundlename com.YourCompany.ArchImportiamo
[2017.11.28-14.42.31:621][439]LogTemp: CWD: C:\Program Files\Epic Games\UE_4.16\Engine\Binaries\DotNET\IOS
[2017.11.28-14.42.31:621][439]LogTemp: Initial Dir: C:\Program Files\Epic Games\UE_4.16
[2017.11.28-14.42.31:621][439]LogTemp: Env CWD: C:\Program Files\Epic Games\UE_4.16\Engine\Binaries\DotNET\IOS
[2017.11.28-14.42.31:633][439]LogTemp: BranchPath = SCYTHE-3/C/Program Files/Epic Games/UE_4.16/Engine/Binaries --- GameBranchPath = SCYTHE-3/C/Program Files/Epic Games/UE_4.16/Engine/Binaries
[2017.11.28-14.42.31:689][440]LogTemp: IPP ERROR: Could not find provision directory 'C:\Users\giuli\AppData\Local/Apple Computer/MobileDevice/Provisioning Profiles/'.
[2017.11.28-14.42.52:448][896]LogTemp: Repeting last play command: Selected Viewport
[2017.11.28-14.42.52:776][896]LogPlayLevel: PlayLevel: No blueprints needed recompiling
[2017.11.28-14.42.52:780][896]PIE: New page: PIE session: ShowCase (Nov 28, 2017, 4:42:52 PM)
[2017.11.28-14.42.52:781][896]LogPlayLevel: Creating play world package: /Game/UEDPIE_0_ShowCase
[2017.11.28-14.42.52:843][896]LogPlayLevel: PIE: StaticDuplicateObject took: (0.062536s)
[2017.11.28-14.42.52:845][896]LogAIModule: Creating AISystem for world ShowCase
[2017.11.28-14.42.52:845][896]LogPlayLevel: PIE: World Init took: (0.001486s)
[2017.11.28-14.42.52:846][896]LogPlayLevel: PIE: Created PIE world by copying editor world from /Game/ShowCase.ShowCase to /Game/UEDPIE_0_ShowCase.ShowCase (0.065182s)
[2017.11.28-14.42.52:917][896]LogInit: XAudio2 using 'Altoparlanti (Realtek High Definition Audio(SST))' : 2 channels at 48 kHz using 32 bits per sample (channel mask 0x3)
[2017.11.28-14.42.52:940][896]LogInit: FAudioDevice initialized.
[2017.11.28-14.42.52:994][896]LogLoad: Game class is 'FirstPersonGameMode_C'
[2017.11.28-14.42.53:018][896]LogWorld: Bringing World /Game/UEDPIE_0_ShowCase.ShowCase up for play (max tick rate 60) at 2017.11.28-15.42.53
[2017.11.28-14.42.53:022][896]LogWorld: Bringing up level for play took: 0.017364
[2017.11.28-14.42.53:139][896]LogContentBrowser: Native class hierarchy updated for 'MovieSceneCapture' in 0.0010 seconds. Added 11 classes and 0 folders.
[2017.11.28-14.42.53:148][896]PIE: Info Play in editor start time for /Game/UEDPIE_0_ShowCase 0.049
[2017.11.28-14.43.27:212][757]Cmd: QUIT_EDITOR
[2017.11.28-14.43.28:000][757]LogWindowsTextInputMethodSystem:Display: IME system now deactivated.
[2017.11.28-14.43.28:000][757]LogWindowsTextInputMethodSystem:Display: IME system now deactivated.
[2017.11.28-14.43.28:024][757]LogExit: Preparing to exit.
[2017.11.28-14.43.28:726][757]LogDirectoryWatcher: A directory notification for 'C:/Users/giuli/Documents/git_rep/ArchImportazioni/ArchImportiamo/Content/' was aborted.
[2017.11.28-14.43.28:818][757]LogExit: Editor shut down
[2017.11.28-14.43.28:824][757]LogExit: Transaction tracking system shut down
[2017.11.28-14.43.29:062][757]LogObj: Freed 0b from 0 cluster array pools.
[2017.11.28-14.43.29:062][757]LogExit: Object subsystem successfully closed.
[2017.11.28-14.43.29:115][757]LogD3D11RHI: Shutdown
[2017.11.28-14.43.29:115][757]LogD3D11RHI: CleanupD3DDevice
[2017.11.28-14.43.29:865][757]LogD3D11RHI: ~FD3D11DynamicRHI
[2017.11.28-14.43.29:914][757]LogModuleManager: Shutting down and abandoning module MovieSceneCapture (538)
[2017.11.28-14.43.29:914][757]LogModuleManager: Shutting down and abandoning module ExternalImagePicker (536)
[2017.11.28-14.43.29:914][757]LogModuleManager: Shutting down and abandoning module StaticMeshEditor (534)
[2017.11.28-14.43.29:914][757]LogModuleManager: Shutting down and abandoning module MaterialEditor (532)
[2017.11.28-14.43.29:914][757]LogModuleManager: Shutting down and abandoning module HierarchicalLODUtilities (530)
[2017.11.28-14.43.29:914][757]LogModuleManager: Shutting down and abandoning module BlueprintGraph (528)
[2017.11.28-14.43.29:914][757]LogModuleManager: Shutting down and abandoning module BlueprintProfiler (526)
[2017.11.28-14.43.29:916][757]LogModuleManager: Shutting down and abandoning module HierarchicalLODOutliner (524)
[2017.11.28-14.43.29:916][757]LogModuleManager: Shutting down and abandoning module CrashTracker (522)
[2017.11.28-14.43.29:916][757]LogModuleManager: Shutting down and abandoning module SceneOutliner (520)
[2017.11.28-14.43.29:916][757]LogModuleManager: Shutting down and abandoning module AddContentDialog (518)
[2017.11.28-14.43.29:917][757]LogDirectoryWatcher: A directory notification for 'C:/Program Files/Epic Games/UE_4.16/FeaturePacks/' was aborted.
[2017.11.28-14.43.29:918][757]LogModuleManager: Shutting down and abandoning module WidgetCarousel (517)
[2017.11.28-14.43.29:918][757]LogModuleManager: Shutting down and abandoning module EditorWidgets (514)
[2017.11.28-14.43.29:918][757]LogModuleManager: Shutting down and abandoning module CollectionManager (512)
[2017.11.28-14.43.29:919][757]LogDirectoryWatcher: A directory notification for 'C:/Users/giuli/Documents/git_rep/ArchImportazioni/ArchImportiamo/Content/Collections/' was aborted.
[2017.11.28-14.43.29:919][757]LogDirectoryWatcher: A directory notification for 'C:/Users/giuli/Documents/git_rep/ArchImportazioni/ArchImportiamo/Content/Developers/giuli/Collections/' was aborted.
[2017.11.28-14.43.29:919][757]LogDirectoryWatcher: A directory notification for 'C:/Users/giuli/Documents/git_rep/ArchImportazioni/ArchImportiamo/Saved/Collections/' was aborted.
[2017.11.28-14.43.29:919][757]LogModuleManager: Shutting down and abandoning module StatsViewer (510)
[2017.11.28-14.43.29:919][757]LogModuleManager: Shutting down and abandoning module FoliageEdit (508)
[2017.11.28-14.43.29:919][757]LogModuleManager: Shutting down and abandoning module LandscapeEditor (506)
[2017.11.28-14.43.29:920][757]LogModuleManager: Shutting down and abandoning module MeshPaintMode (504)
[2017.11.28-14.43.29:920][757]LogModuleManager: Shutting down and abandoning module SceneDepthPickerMode (502)
[2017.11.28-14.43.29:920][757]LogModuleManager: Shutting down and abandoning module ActorPickerMode (500)
[2017.11.28-14.43.29:920][757]LogModuleManager: Shutting down and abandoning module GeometryMode (498)
[2017.11.28-14.43.29:920][757]LogModuleManager: Shutting down and abandoning module TextureAlignMode (496)
[2017.11.28-14.43.29:920][757]LogModuleManager: Shutting down and abandoning module BspMode (494)
[2017.11.28-14.43.29:921][757]LogModuleManager: Shutting down and abandoning module HardwareSurvey (492)
[2017.11.28-14.43.29:921][757]LogModuleManager: Shutting down and abandoning module SequenceRecorderSections (490)
[2017.11.28-14.43.29:921][757]LogModuleManager: Shutting down and abandoning module AutomationWorker (488)
[2017.11.28-14.43.29:921][757]LogModuleManager: Shutting down and abandoning module MatineeToLevelSequence (486)
[2017.11.28-14.43.29:922][757]LogModuleManager: Shutting down and abandoning module LevelSequenceEditor (484)
[2017.11.28-14.43.29:924][757]LogModuleManager: Shutting down and abandoning module PlacementMode (483)
[2017.11.28-14.43.29:924][757]LogModuleManager: Shutting down and abandoning module WmfMediaFactory (480)
[2017.11.28-14.43.29:925][757]LogModuleManager: Shutting down and abandoning module WmfMediaEditor (478)
[2017.11.28-14.43.29:925][757]LogModuleManager: Shutting down and abandoning module AvfMediaFactory (476)
[2017.11.28-14.43.29:925][757]LogModuleManager: Shutting down and abandoning module AvfMediaEditor (474)
[2017.11.28-14.43.29:925][757]LogModuleManager: Shutting down and abandoning module AndroidMediaFactory (472)
[2017.11.28-14.43.29:925][757]LogModuleManager: Shutting down and abandoning module Media (471)
[2017.11.28-14.43.29:925][757]LogModuleManager: Shutting down and abandoning module AndroidMediaEditor (468)
[2017.11.28-14.43.29:925][757]LogModuleManager: Shutting down and abandoning module CharacterAI (466)
[2017.11.28-14.43.29:925][757]LogModuleManager: Shutting down and abandoning module AudioCapture (464)
[2017.11.28-14.43.29:925][757]LogModuleManager: Shutting down and abandoning module SequenceRecorder (463)
[2017.11.28-14.43.29:926][757]LogModuleManager: Shutting down and abandoning module SmartSnapping (460)
[2017.11.28-14.43.29:926][757]LogModuleManager: Shutting down and abandoning module SessionServices (458)
[2017.11.28-14.43.29:926][757]LogModuleManager: Shutting down and abandoning module ViewportSnapping (456)
[2017.11.28-14.43.29:926][757]LogModuleManager: Shutting down and abandoning module ViewportInteraction (454)
[2017.11.28-14.43.29:926][757]LogModuleManager: Shutting down and abandoning module ClothPainter (452)
[2017.11.28-14.43.29:928][757]LogModuleManager: Shutting down and abandoning module LogVisualizer (450)
[2017.11.28-14.43.29:929][757]LogModuleManager: Shutting down and abandoning module IntroTutorials (448)
[2017.11.28-14.43.29:931][757]LogModuleManager: Shutting down and abandoning module GameProjectGeneration (447)
[2017.11.28-14.43.29:932][757]LogModuleManager: Shutting down and abandoning module EditorLiveStreaming (444)
[2017.11.28-14.43.29:932][757]LogModuleManager: Shutting down and abandoning module IOSPlatformEditor (442)
[2017.11.28-14.43.29:932][757]LogModuleManager: Shutting down and abandoning module HTML5PlatformEditor (440)
[2017.11.28-14.43.29:932][757]LogModuleManager: Shutting down and abandoning module AndroidPlatformEditor (438)
[2017.11.28-14.43.29:932][757]LogModuleManager: Shutting down and abandoning module AndroidDeviceDetection (437)
[2017.11.28-14.43.30:780][757]LogModuleManager: Shutting down and abandoning module IOSRuntimeSettings (434)
[2017.11.28-14.43.30:780][757]LogModuleManager: Shutting down and abandoning module AndroidRuntimeSettings (432)
[2017.11.28-14.43.30:780][757]LogModuleManager: Shutting down and abandoning module InputBindingEditor (430)
[2017.11.28-14.43.30:783][757]LogModuleManager: Shutting down and abandoning module MergeActors (428)
[2017.11.28-14.43.30:783][757]LogModuleManager: Shutting down and abandoning module SizeMap (426)
[2017.11.28-14.43.30:783][757]LogModuleManager: Shutting down and abandoning module TreeMap (424)
[2017.11.28-14.43.30:784][757]LogModuleManager: Shutting down and abandoning module ReferenceViewer (422)
[2017.11.28-14.43.30:785][757]LogModuleManager: Shutting down and abandoning module LocalizationDashboard (420)
[2017.11.28-14.43.30:786][757]LogModuleManager: Shutting down and abandoning module LocalizationService (419)
[2017.11.28-14.43.30:787][757]LogModuleManager: Shutting down and abandoning module HardwareTargeting (416)
[2017.11.28-14.43.30:787][757]LogModuleManager: Shutting down and abandoning module DeviceProfileEditor (414)
[2017.11.28-14.43.30:787][757]LogModuleManager: Shutting down and abandoning module UndoHistory (412)
[2017.11.28-14.43.30:789][757]LogModuleManager: Shutting down and abandoning module UserFeedback (410)
[2017.11.28-14.43.30:789][757]LogModuleManager: Shutting down and abandoning module XmlParser (408)
[2017.11.28-14.43.30:789][757]LogModuleManager: Shutting down and abandoning module Blutility (406)
[2017.11.28-14.43.30:789][757]LogModuleManager: Shutting down and abandoning module ProjectSettingsViewer (404)
[2017.11.28-14.43.30:789][757]LogModuleManager: Shutting down and abandoning module ProjectTargetPlatformEditor (403)
[2017.11.28-14.43.30:789][757]LogModuleManager: Shutting down and abandoning module EditorSettingsViewer (400)
[2017.11.28-14.43.30:789][757]LogModuleManager: Shutting down and abandoning module SettingsEditor (398)
[2017.11.28-14.43.30:789][757]LogModuleManager: Shutting down and abandoning module ProjectLauncher (396)
[2017.11.28-14.43.30:791][757]LogModuleManager: Shutting down and abandoning module SessionFrontend (394)
[2017.11.28-14.43.30:793][757]LogModuleManager: Shutting down and abandoning module ProfilerClient (392)
[2017.11.28-14.43.30:794][757]LogModuleManager: Shutting down and abandoning module DeviceManager (390)
[2017.11.28-14.43.30:795][757]LogModuleManager: Shutting down and abandoning module TargetDeviceServices (389)
[2017.11.28-14.43.30:840][757]LogModuleManager: Shutting down and abandoning module AutomationController (386)
[2017.11.28-14.43.30:840][757]LogModuleManager: Shutting down and abandoning module AutomationWindow (384)
[2017.11.28-14.43.30:841][757]LogModuleManager: Shutting down and abandoning module Layers (382)
[2017.11.28-14.43.30:844][757]LogModuleManager: Shutting down and abandoning module ComponentVisualizers (380)
[2017.11.28-14.43.30:844][757]LogModuleManager: Shutting down and abandoning module DetailCustomizations (378)
[2017.11.28-14.43.30:844][757]LogModuleManager: Shutting down and abandoning module PackagesDialog (376)
[2017.11.28-14.43.30:845][757]LogModuleManager: Shutting down and abandoning module Persona (374)
[2017.11.28-14.43.30:846][757]LogModuleManager: Shutting down and abandoning module AdvancedPreviewScene (373)
[2017.11.28-14.43.30:846][757]LogModuleManager: Shutting down and abandoning module AnimGraph (371)
[2017.11.28-14.43.30:846][757]LogModuleManager: Shutting down and abandoning module Kismet (368)
[2017.11.28-14.43.30:855][757]LogModuleManager: Shutting down and abandoning module ClassViewer (366)
[2017.11.28-14.43.30:855][757]LogModuleManager: Shutting down and abandoning module Toolbox (364)
[2017.11.28-14.43.30:855][757]LogModuleManager: Shutting down and abandoning module ModuleUI (362)
[2017.11.28-14.43.30:856][757]LogModuleManager: Shutting down and abandoning module MovieSceneTools (360)
[2017.11.28-14.43.30:857][757]LogModuleManager: Shutting down and abandoning module OutputLog (358)
[2017.11.28-14.43.30:858][757]LogModuleManager: Shutting down and abandoning module GammaUI (356)
[2017.11.28-14.43.30:858][757]LogModuleManager: Shutting down and abandoning module Documentation (354)
[2017.11.28-14.43.30:858][757]LogModuleManager: Shutting down and abandoning module MovieSceneTracks (352)
[2017.11.28-14.43.30:858][757]LogModuleManager: Shutting down and abandoning module MovieScene (350)
[2017.11.28-14.43.30:858][757]LogModuleManager: Shutting down and abandoning module Niagara (348)
[2017.11.28-14.43.30:858][757]LogModuleManager: Shutting down and abandoning module NiagaraEditor (347)
[2017.11.28-14.43.30:861][757]LogModuleManager: Shutting down and abandoning module StreamingPauseRendering (344)
[2017.11.28-14.43.30:861][757]LogModuleManager: Shutting down and abandoning module AnalyticsET (342)
[2017.11.28-14.43.30:861][757]LogModuleManager: Shutting down and abandoning module PortalServices (340)
[2017.11.28-14.43.30:861][757]LogModuleManager: Shutting down and abandoning module PortalRpc (338)
[2017.11.28-14.43.30:861][757]LogModuleManager: Shutting down and abandoning module MessagingRpc (336)
[2017.11.28-14.43.30:861][757]LogModuleManager: Shutting down and abandoning module AIModule (334)
[2017.11.28-14.43.30:861][757]LogModuleManager: Shutting down and abandoning module GameplayDebugger (333)
[2017.11.28-14.43.30:861][757]LogModuleManager: Shutting down and abandoning module AITestSuite (331)
[2017.11.28-14.43.30:862][757]LogModuleManager: Shutting down and abandoning module ProfilerService (328)
[2017.11.28-14.43.31:009][757]LogModuleManager: Shutting down and abandoning module TaskGraph (326)
[2017.11.28-14.43.31:011][757]LogModuleManager: Shutting down and abandoning module SteamVRController (324)
[2017.11.28-14.43.31:011][757]LogModuleManager: Shutting down and abandoning module SteamVR (322)
[2017.11.28-14.43.31:011][757]LogModuleManager: Shutting down and abandoning module ProceduralMeshComponentEditor (320)
[2017.11.28-14.43.31:011][757]LogModuleManager: Shutting down and abandoning module ProceduralMeshComponent (318)
[2017.11.28-14.43.31:012][757]LogModuleManager: Shutting down and abandoning module OculusLibrary (316)
[2017.11.28-14.43.31:012][757]LogModuleManager: Shutting down and abandoning module OculusInput (314)
[2017.11.28-14.43.31:012][757]LogModuleManager: Shutting down and abandoning module MobilePatchingUtils (312)
[2017.11.28-14.43.31:012][757]LogModuleManager: Shutting down and abandoning module CustomMeshComponent (310)
[2017.11.28-14.43.31:012][757]LogModuleManager: Shutting down and abandoning module CableComponent (308)
[2017.11.28-14.43.31:012][757]LogModuleManager: Shutting down and abandoning module ArchVisCharacter (306)
[2017.11.28-14.43.31:012][757]LogModuleManager: Shutting down and abandoning module AndroidPermission (304)
[2017.11.28-14.43.31:012][757]LogModuleManager: Shutting down and abandoning module MediaPlayerEditor (300)
[2017.11.28-14.43.31:015][757]LogModuleManager: Shutting down and abandoning module HTML5Networking (298)
[2017.11.28-14.43.31:015][757]LogModuleManager: Shutting down and abandoning module AlembicImporter (296)
[2017.11.28-14.43.31:015][757]LogModuleManager: Shutting down and abandoning module AlembicLibrary (295)
[2017.11.28-14.43.31:015][757]LogModuleManager: Shutting down and abandoning module GeometryCache (294)
[2017.11.28-14.43.31:016][757]LogModuleManager: Shutting down and abandoning module GeometryCacheEd (293)
[2017.11.28-14.43.31:016][757]LogModuleManager: Shutting down and abandoning module SuperSearchEditor (288)
[2017.11.28-14.43.31:016][757]LogModuleManager: Shutting down and abandoning module SuperSearch (287)
[2017.11.28-14.43.31:016][757]LogModuleManager: Shutting down and abandoning module SpeedTreeImporter (284)
[2017.11.28-14.43.31:016][757]LogModuleManager: Shutting down and abandoning module PluginBrowser (282)
[2017.11.28-14.43.31:018][757]LogModuleManager: Shutting down and abandoning module MobileLauncherProfileWizard (280)
[2017.11.28-14.43.31:019][757]LogModuleManager: Shutting down and abandoning module VisualStudioSourceCodeAccess (278)
[2017.11.28-14.43.31:019][757]LogModuleManager: Shutting down and abandoning module DesktopPlatform (277)
[2017.11.28-14.43.31:020][757]LogModuleManager: Shutting down and abandoning module UObjectPlugin (274)
[2017.11.28-14.43.31:020][757]LogModuleManager: Shutting down and abandoning module SubversionSourceControl (272)
[2017.11.28-14.43.31:021][757]LogModuleManager: Shutting down and abandoning module PerforceSourceControl (270)
[2017.11.28-14.43.31:021][757]LogModuleManager: Shutting down and abandoning module GitSourceControl (268)
[2017.11.28-14.43.31:022][757]LogModuleManager: Shutting down and abandoning module SourceControl (267)
[2017.11.28-14.43.31:023][757]LogModuleManager: Shutting down and abandoning module LightPropagationVolumeEditor (264)
[2017.11.28-14.43.31:023][757]LogModuleManager: Shutting down and abandoning module PaperTiledImporter (262)
[2017.11.28-14.43.31:023][757]LogModuleManager: Shutting down and abandoning module PaperSpriteSheetImporter (260)
[2017.11.28-14.43.31:023][757]LogModuleManager: Shutting down and abandoning module Paper2DEditor (258)
[2017.11.28-14.43.31:024][757]LogModuleManager: Shutting down and abandoning module MeshPaint (257)
[2017.11.28-14.43.31:025][757]LogModuleManager: Shutting down and abandoning module LevelEditor (255)
[2017.11.28-14.43.31:027][757]LogModuleManager: Shutting down and abandoning module PixelInspectorModule (254)
[2017.11.28-14.43.31:027][757]LogModuleManager: Shutting down and abandoning module MainFrame (252)
[2017.11.28-14.43.31:028][757]LogModuleManager: Shutting down and abandoning module HotReload (251)
[2017.11.28-14.43.31:030][757]LogModuleManager: Shutting down and abandoning module PhysXVehiclesEditor (246)
[2017.11.28-14.43.31:030][757]LogModuleManager: Shutting down and abandoning module PhysXVehicles (244)
[2017.11.28-14.43.31:030][757]LogModuleManager: Shutting down and abandoning module LocationServicesBPLibrary (242)
[2017.11.28-14.43.31:030][757]LogModuleManager: Shutting down and abandoning module ImmediatePhysicsEditor (240)
[2017.11.28-14.43.31:030][757]LogModuleManager: Shutting down and abandoning module ImmediatePhysics (238)
[2017.11.28-14.43.31:031][757]LogModuleManager: Shutting down and abandoning module UdpMessaging (236)
[2017.11.28-14.43.31:131][757]LogModuleManager: Shutting down and abandoning module TcpMessaging (234)
[2017.11.28-14.43.31:232][757]LogModuleManager: Shutting down and abandoning module GameplayTagsEditor (232)
[2017.11.28-14.43.31:232][757]LogModuleManager: Shutting down and abandoning module FacialAnimationEditor (230)
[2017.11.28-14.43.31:233][757]LogModuleManager: Shutting down and abandoning module FacialAnimation (228)
[2017.11.28-14.43.31:233][757]LogModuleManager: Shutting down and abandoning module AssetManagerEditor (226)
[2017.11.28-14.43.31:234][757]LogModuleManager: Shutting down and abandoning module GraphEditor (225)
[2017.11.28-14.43.31:234][757]LogModuleManager: Shutting down and abandoning module ContentBrowser (223)
[2017.11.28-14.43.31:235][757]LogModuleManager: Shutting down and abandoning module LightPropagationVolumeRuntime (220)
[2017.11.28-14.43.31:235][757]LogModuleManager: Shutting down and abandoning module Paper2D (218)
[2017.11.28-14.43.31:236][757]LogModuleManager: Shutting down and abandoning module WindowsMoviePlayer (216)
[2017.11.28-14.43.31:236][757]LogModuleManager: Shutting down and abandoning module WmfMedia (214)
[2017.11.28-14.43.31:241][757]LogModuleManager: Shutting down and abandoning module ClothingSystemEditor (212)
[2017.11.28-14.43.31:241][757]LogModuleManager: Shutting down and abandoning module ClothingSystemRuntime (210)
[2017.11.28-14.43.31:242][757]LogModuleManager: Shutting down and abandoning module MediaAssets (208)
[2017.11.28-14.43.31:242][757]LogModuleManager: Shutting down and abandoning module GameLiveStreaming (206)
[2017.11.28-14.43.31:242][757]LogModuleManager: Shutting down and abandoning module VREditor (204)
[2017.11.28-14.43.31:242][757]LogModuleManager: Shutting down and abandoning module StringTableEditor (202)
[2017.11.28-14.43.31:243][757]LogModuleManager: Shutting down and abandoning module GameplayTasksEditor (200)
[2017.11.28-14.43.31:243][757]LogModuleManager: Shutting down and abandoning module BehaviorTreeEditor (198)
[2017.11.28-14.43.31:246][757]LogModuleManager: Shutting down and abandoning module FunctionalTesting (196)
[2017.11.28-14.43.31:246][757]LogModuleManager: Shutting down and abandoning module CollisionAnalyzer (194)
[2017.11.28-14.43.31:247][757]LogModuleManager: Shutting down and abandoning module UMG (192)
[2017.11.28-14.43.31:247][757]LogModuleManager: Shutting down and abandoning module UMGEditor (191)
[2017.11.28-14.43.31:249][757]LogModuleManager: Shutting down and abandoning module Sequencer (190)
[2017.11.28-14.43.31:250][757]LogModuleManager: Shutting down and abandoning module AssetTools (188)
[2017.11.28-14.43.31:254][757]LogModuleManager: Shutting down and abandoning module MessageLog (187)
[2017.11.28-14.43.31:254][757]LogModuleManager: Shutting down and abandoning module WorkspaceMenuStructure (186)
[2017.11.28-14.43.31:254][757]LogModuleManager: Shutting down and abandoning module SlateReflector (180)
[2017.11.28-14.43.31:257][757]LogModuleManager: Shutting down and abandoning module Slate (178)
[2017.11.28-14.43.31:257][757]LogModuleManager: Shutting down and abandoning module EditorStyle (176)
[2017.11.28-14.43.31:261][757]LogModuleManager: Shutting down and abandoning module SourceCodeAccess (174)
[2017.11.28-14.43.31:261][757]LogModuleManager: Shutting down and abandoning module HeadMountedDisplay (172)
[2017.11.28-14.43.31:261][757]LogModuleManager: Shutting down and abandoning module XAudio2 (170)
[2017.11.28-14.43.31:261][757]LogModuleManager: Shutting down and abandoning module Networking (168)
[2017.11.28-14.43.31:261][757]LogModuleManager: Shutting down and abandoning module Core (164)
[2017.11.28-14.43.31:261][757]LogModuleManager: Shutting down and abandoning module AssetRegistry (162)
[2017.11.28-14.43.31:456][757]LogDirectoryWatcher: A directory notification for '../../../Engine/Content/' was aborted.
[2017.11.28-14.43.31:456][757]LogDirectoryWatcher: A directory notification for '../../../../../../Users/giuli/Documents/git_rep/ArchImportazioni/ArchImportiamo/Content/' was aborted.
[2017.11.28-14.43.31:457][757]LogDirectoryWatcher: A directory notification for '../../../Engine/Plugins/2D/Paper2D/Content/' was aborted.
[2017.11.28-14.43.31:457][757]LogDirectoryWatcher: A directory notification for '../../../Engine/Plugins/Runtime/GearVR/Content/' was aborted.
[2017.11.28-14.43.31:465][757]LogModuleManager: Shutting down and abandoning module DirectoryWatcher (161)
[2017.11.28-14.43.31:466][757]LogModuleManager: Shutting down and abandoning module KismetCompiler (158)
[2017.11.28-14.43.31:466][757]LogModuleManager: Shutting down and abandoning module LevelSequence (156)
[2017.11.28-14.43.31:466][757]LogModuleManager: Shutting down and abandoning module PhysXFormats (154)
[2017.11.28-14.43.31:466][757]LogModuleManager: Shutting down and abandoning module MeshUtilities (152)
[2017.11.28-14.43.31:467][757]LogModuleManager: Shutting down and abandoning module SimplygonSwarm (151)
[2017.11.28-14.43.31:468][757]LogModuleManager: Shutting down and abandoning module SimplygonMeshReduction (149)
[2017.11.28-14.43.31:468][757]LogModuleManager: Shutting down and abandoning module QuadricMeshReduction (147)
[2017.11.28-14.43.31:468][757]LogModuleManager: Shutting down and abandoning module DerivedDataCache (144)
[2017.11.28-14.43.31:552][757]LogDerivedDataCache: Shutdown
[2017.11.28-14.43.31:552][757]LogModuleManager: Shutting down and abandoning module TargetPlatform (142)
[2017.11.28-14.43.31:552][757]LogModuleManager: Shutting down and abandoning module VulkanShaderFormat (141)
[2017.11.28-14.43.31:554][757]LogModuleManager: Shutting down and abandoning module ShaderFormatVectorVM (139)
[2017.11.28-14.43.31:554][757]LogModuleManager: Shutting down and abandoning module ShaderFormatOpenGL (137)
[2017.11.28-14.43.31:555][757]LogModuleManager: Shutting down and abandoning module ShaderFormatD3D (135)
[2017.11.28-14.43.31:555][757]LogModuleManager: Shutting down and abandoning module MetalShaderFormat (133)
[2017.11.28-14.43.31:556][757]LogModuleManager: Shutting down and abandoning module TextureFormatUncompressed (131)
[2017.11.28-14.43.31:556][757]LogModuleManager: Shutting down and abandoning module TextureFormatPVR (129)
[2017.11.28-14.43.31:556][757]LogModuleManager: Shutting down and abandoning module TextureFormatDXT (127)
[2017.11.28-14.43.31:556][757]LogModuleManager: Shutting down and abandoning module TextureFormatIntelISPCTexComp (125)
[2017.11.28-14.43.31:556][757]LogModuleManager: Shutting down and abandoning module TextureFormatASTC (123)
[2017.11.28-14.43.31:556][757]LogModuleManager: Shutting down and abandoning module ImageWrapper (122)
[2017.11.28-14.43.31:556][757]LogModuleManager: Shutting down and abandoning module TextureFormatAndroid (119)
[2017.11.28-14.43.31:556][757]LogModuleManager: Shutting down and abandoning module AudioFormatOpus (117)
[2017.11.28-14.43.31:556][757]LogModuleManager: Shutting down and abandoning module AudioFormatOgg (115)
[2017.11.28-14.43.31:556][757]LogModuleManager: Shutting down and abandoning module AudioFormatADPCM (113)
[2017.11.28-14.43.31:556][757]LogModuleManager: Shutting down and abandoning module LinuxTargetPlatform (111)
[2017.11.28-14.43.31:556][757]LogModuleManager: Shutting down and abandoning module LinuxServerTargetPlatform (109)
[2017.11.28-14.43.31:556][757]LogModuleManager: Shutting down and abandoning module LinuxNoEditorTargetPlatform (107)
[2017.11.28-14.43.31:556][757]LogModuleManager: Shutting down and abandoning module LinuxClientTargetPlatform (105)
[2017.11.28-14.43.31:556][757]LogModuleManager: Shutting down and abandoning module TVOSTargetPlatform (103)
[2017.11.28-14.43.31:556][757]LogModuleManager: Shutting down and abandoning module Messaging (101)
[2017.11.28-14.43.31:556][757]LogModuleManager: Shutting down and abandoning module IOSTargetPlatform (99)
[2017.11.28-14.43.31:556][757]LogModuleManager: Shutting down and abandoning module HTML5TargetPlatform (97)
[2017.11.28-14.43.31:556][757]LogModuleManager: Shutting down and abandoning module Android_PVRTCTargetPlatform (95)
[2017.11.28-14.43.31:557][757]LogModuleManager: Shutting down and abandoning module Android_MultiTargetPlatform (93)
[2017.11.28-14.43.31:557][757]LogModuleManager: Shutting down and abandoning module Android_ETC2TargetPlatform (91)
[2017.11.28-14.43.31:557][757]LogModuleManager: Shutting down and abandoning module Android_ETC1TargetPlatform (89)
[2017.11.28-14.43.31:557][757]LogModuleManager: Shutting down and abandoning module Android_DXTTargetPlatform (87)
[2017.11.28-14.43.31:558][757]LogModuleManager: Shutting down and abandoning module Android_ATCTargetPlatform (85)
[2017.11.28-14.43.31:558][757]LogModuleManager: Shutting down and abandoning module Android_ASTCTargetPlatform (83)
[2017.11.28-14.43.31:558][757]LogModuleManager: Shutting down and abandoning module AndroidTargetPlatform (81)
[2017.11.28-14.43.31:558][757]LogModuleManager: Shutting down and abandoning module WindowsTargetPlatform (79)
[2017.11.28-14.43.31:558][757]LogModuleManager: Shutting down and abandoning module WindowsServerTargetPlatform (77)
[2017.11.28-14.43.31:558][757]LogModuleManager: Shutting down and abandoning module WindowsNoEditorTargetPlatform (75)
[2017.11.28-14.43.31:558][757]LogModuleManager: Shutting down and abandoning module WindowsClientTargetPlatform (73)
[2017.11.28-14.43.31:558][757]LogModuleManager: Shutting down and abandoning module MacTargetPlatform (71)
[2017.11.28-14.43.31:558][757]LogModuleManager: Shutting down and abandoning module MacServerTargetPlatform (69)
[2017.11.28-14.43.31:558][757]LogModuleManager: Shutting down and abandoning module MacNoEditorTargetPlatform (67)
[2017.11.28-14.43.31:558][757]LogModuleManager: Shutting down and abandoning module MacClientTargetPlatform (65)
[2017.11.28-14.43.31:559][757]LogModuleManager: Shutting down and abandoning module AllDesktopTargetPlatform (63)
[2017.11.28-14.43.31:559][757]LogModuleManager: Shutting down and abandoning module InputCore (60)
[2017.11.28-14.43.31:559][757]LogModuleManager: Shutting down and abandoning module Settings (58)
[2017.11.28-14.43.31:559][757]LogModuleManager: Shutting down and abandoning module OculusRift (56)
[2017.11.28-14.43.31:559][757]LogModuleManager: Shutting down and abandoning module GearVRController (54)
[2017.11.28-14.43.31:559][757]LogModuleManager: Shutting down and abandoning module GearVR (52)
[2017.11.28-14.43.31:560][757]LogModuleManager: Shutting down and abandoning module ExampleDeviceProfileSelector (50)
[2017.11.28-14.43.31:560][757]LogModuleManager: Shutting down and abandoning module OnlineBlueprintSupport (48)
[2017.11.28-14.43.31:560][757]LogModuleManager: Shutting down and abandoning module OnlineSubsystem (44)
[2017.11.28-14.43.31:560][757]LogOnline:Display: Unloading online subsystem: NULL
[2017.11.28-14.43.31:561][757]LogModuleManager: Shutting down and abandoning module XMPP (43)
[2017.11.28-14.43.31:563][757]LogModuleManager: Shutting down and abandoning module HTTP (41)
[2017.11.28-14.43.31:563][757]LogHttp:Display: Http module shutting down, but needs to wait on 1 outstanding Http requests:
[2017.11.28-14.43.31:563][757]LogHttp:Display: 	verb=[POST] url=[https://datarouter.ol.epicgames.com/datarouter/api/v1/public/data?SessionID=%7B7CAF8432-4598-696B-EF2B-399C020E1295%7D&AppID=UEEditor.Rocket.Release&AppVersion=4.16.3-3561208%2B%2B%2BUE4%2BRelease-4.16&UserID=45a8f4cf48de3d1a6c2cc68578b53b47%7C68b28449b37e4eac99203910d9fdba96%7C13bec4b4-8fac-450e-ba5b-0078e25690ba&AppEnvironment=datacollector-binary&UploadType=eteventstream] status=Processing
[2017.11.28-14.43.31:594][757]LogModuleManager: Shutting down and abandoning module SSL (40)
[2017.11.28-14.43.31:596][757]LogModuleManager: Shutting down and abandoning module HTTPChunkInstaller (36)
[2017.11.28-14.43.31:598][757]LogModuleManager: Shutting down and abandoning module AnimationModifiers (34)
[2017.11.28-14.43.31:598][757]LogModuleManager: Shutting down and abandoning module PropertyEditor (33)
[2017.11.28-14.43.31:598][757]LogModuleManager: Shutting down and abandoning module AudioEditor (30)
[2017.11.28-14.43.31:599][757]LogModuleManager: Shutting down and abandoning module TextureCompressor (28)
[2017.11.28-14.43.31:600][757]LogModuleManager: Shutting down and abandoning module ShaderCore (26)
[2017.11.28-14.43.31:600][757]LogModuleManager: Shutting down and abandoning module Landscape (24)
[2017.11.28-14.43.31:600][757]LogModuleManager: Shutting down and abandoning module SlateRHIRenderer (22)
[2017.11.28-14.43.31:601][757]LogModuleManager: Shutting down and abandoning module OpenGLDrv (20)
[2017.11.28-14.43.31:602][757]LogModuleManager: Shutting down and abandoning module D3D11RHI (18)
[2017.11.28-14.43.31:602][757]LogModuleManager: Shutting down and abandoning module AnimGraphRuntime (16)
[2017.11.28-14.43.31:603][757]LogModuleManager: Shutting down and abandoning module Renderer (14)
[2017.11.28-14.43.31:603][757]LogModuleManager: Shutting down and abandoning module Engine (12)
[2017.11.28-14.43.31:603][757]LogModuleManager: Shutting down and abandoning module CoreUObject (10)
[2017.11.28-14.43.31:603][757]LogModuleManager: Shutting down and abandoning module NetworkFile (8)
[2017.11.28-14.43.31:603][757]LogModuleManager: Shutting down and abandoning module StreamingFile (6)
[2017.11.28-14.43.31:603][757]LogModuleManager: Shutting down and abandoning module SandboxFile (4)
[2017.11.28-14.43.31:604][757]LogModuleManager: Shutting down and abandoning module PakFile (2)
[2017.11.28-14.43.31:606][757]LogExit: Exiting.
[2017.11.28-14.43.31:619][757]Log file closed, 11/28/17 15:43:31
