Log file open, 11/28/17 15:45:29
LogInit:Display: Running engine for game: ArchImportiamo
LogPlatformFile: Not using cached read wrapper
LogInit:Display: RandInit(1836188399) SRandInit(1836188399).
LogTaskGraph: Started task graph with 5 named threads and 6 total threads with 1 sets of task threads.
LogStats: Stats thread started at 0.104730
LogInit: Using libcurl 7.47.1
LogInit:  - built for x86_64-pc-win32
LogInit:  - supports SSL with OpenSSL/1.0.2g
LogInit:  - supports HTTP deflate (compression) using libz 1.2.8
LogInit:  - other features:
LogInit:      CURL_VERSION_SSL
LogInit:      CURL_VERSION_LIBZ
LogInit:      CURL_VERSION_IPV6
LogInit:      CURL_VERSION_ASYNCHDNS
LogInit:      CURL_VERSION_LARGEFILE
LogInit:      CURL_VERSION_IDN
LogInit:  CurlRequestOptions (configurable via config and command line):
LogInit:  - bVerifyPeer = false  - Libcurl will NOT verify peer certificate
LogInit:  - bUseHttpProxy = false  - Libcurl will NOT use HTTP proxy
LogInit:  - bDontReuseConnections = false  - Libcurl will reuse connections
LogInit:  - CertBundlePath = nullptr  - Libcurl will use whatever was configured at build time.
LogInit: Build: ++UE4+Release-4.16-CL-3561208
LogInit: Engine Version: 4.16.3-3561208+++UE4+Release-4.16
LogInit: Compatible Engine Version: 4.16.0-3452394+++UE4+Release-4.16
LogInit: Net CL: 3452394
LogDevObjectVersion: Number of dev versions registered: 16
LogDevObjectVersion:   Dev-Blueprints (B0D832E4-1F89-4F0D-ACCF-7EB736FD4AA2): 9
LogDevObjectVersion:   Dev-Build (E1C64328-A22C-4D53-A36C-8E866417BD8C): 0
LogDevObjectVersion:   Dev-Core (375EC13C-06E4-48FB-B500-84F0262A717E): 2
LogDevObjectVersion:   Dev-Editor (E4B068ED-F494-42E9-A231-DA0B2E46BB41): 17
LogDevObjectVersion:   Dev-Framework (CFFC743F-43B0-4480-9391-14DF171D2073): 23
LogDevObjectVersion:   Dev-Mobile (B02B49B5-BB20-44E9-A304-32B752E40360): 0
LogDevObjectVersion:   Dev-Networking (A4E4105C-59A1-49B5-A7C5-40C4547EDFEE): 0
LogDevObjectVersion:   Dev-Online (39C831C9-5AE6-47DC-9A44-9C173E1C8E7C): 0
LogDevObjectVersion:   Dev-Physics (78F01B33-EBEA-4F98-B9B4-84EACCB95AA2): 0
LogDevObjectVersion:   Dev-Platform (6631380F-2D4D-43E0-8009-CF276956A95A): 0
LogDevObjectVersion:   Dev-Rendering (12F88B9F-8875-4AFC-A67C-D90C383ABD29): 15
LogDevObjectVersion:   Dev-Sequencer (7B5AE74C-D270-4C10-A958-57980B212A5A): 4
LogDevObjectVersion:   Dev-VR (D7296918-1DD6-4BDD-9DE2-64A83CC13884): 0
LogDevObjectVersion:   Dev-LoadTimes (C2A15278-BFE7-4AFE-6C17-90FF531DF755): 1
LogDevObjectVersion:   Private-Geometry (6EACA3D4-40EC-4CC1-B786-8BED09428FC5): 1
LogDevObjectVersion:   Dev-AnimPhys (29E575DD-E0A3-4627-9D10-D276232CDCEA): 3
LogInit: Compiled (64-bit): Jul 28 2017 11:49:47
LogInit: Compiled with Visual C++: 19.00.24215.01
LogInit: Build Configuration: Development
LogInit: Branch Name: ++UE4+Release-4.16
LogInit: Command line:  
LogInit: Base directory: C:/Program Files/Epic Games/UE_4.16/Engine/Binaries/Win64/
LogInit: Installed Engine Build: 1
LogInit: Presizing for max 8388607 objects, including 0 objects not considered by GC, pre-allocating 0 bytes for permanent pool.
LogInit: Object subsystem initialized
[2017.11.28-14.45.30:333][  0]LogInit: Selected Device Profile: [Windows]
[2017.11.28-14.45.30:333][  0]LogInit: Applying CVar settings loaded from the selected device profile: [Windows]
[2017.11.28-14.45.30:367][  0]LogInit: Computer: SCYTHE-3
[2017.11.28-14.45.30:367][  0]LogInit: User: giuli
[2017.11.28-14.45.30:367][  0]LogInit: CPU Page size=4096, Cores=2
[2017.11.28-14.45.30:367][  0]LogInit: High frequency timer resolution =2.437499 MHz
[2017.11.28-14.45.30:368][  0]LogMemory: Memory total: Physical=7.9GB (8GB approx)
[2017.11.28-14.45.30:368][  0]LogMemory: Platform Memory Stats for Windows
[2017.11.28-14.45.30:368][  0]LogMemory: Process Physical Memory: 273.00 MB used, 273.00 MB peak
[2017.11.28-14.45.30:368][  0]LogMemory: Process Virtual Memory: 266.65 MB used, 266.65 MB peak
[2017.11.28-14.45.30:368][  0]LogMemory: Physical Memory: 5345.91 MB used,  2771.18 MB free, 8117.09 MB total
[2017.11.28-14.45.30:368][  0]LogMemory: Virtual Memory: 675.74 MB used,  2771.18 MB free, 134217728.00 MB total
[2017.11.28-14.45.30:613][  0]LogInit: Using OS detected language (it-IT).
[2017.11.28-14.45.30:613][  0]LogInit: Using OS detected locale (it-IT).
[2017.11.28-14.45.30:627][  0]LogTextLocalizationManager: No localization for 'it-IT' exists, so 'en' will be used for the language.
[2017.11.28-14.45.30:628][  0]LogTextLocalizationManager: No localization for 'it-IT' exists, so 'en' will be used for the locale.
[2017.11.28-14.45.32:556][  0]LogD3D11RHI: D3D11 adapters:
[2017.11.28-14.45.32:566][  0]LogD3D11RHI:    0. 'Intel(R) HD Graphics 520' (Feature Level 11_0)
[2017.11.28-14.45.32:566][  0]LogD3D11RHI:       128/0/4058 MB DedicatedVideo/DedicatedSystem/SharedSystem, Outputs:1, VendorId:0x8086
[2017.11.28-14.45.32:571][  0]LogD3D11RHI:    1. 'Microsoft Basic Render Driver' (Feature Level 11_0)
[2017.11.28-14.45.32:571][  0]LogD3D11RHI:       0/0/4058 MB DedicatedVideo/DedicatedSystem/SharedSystem, Outputs:0, VendorId:0x1414
[2017.11.28-14.45.32:571][  0]LogD3D11RHI: Chosen D3D11 Adapter: 0
[2017.11.28-14.45.32:579][  0]LogD3D11RHI: Creating new Direct3DDevice
[2017.11.28-14.45.32:579][  0]LogD3D11RHI:     GPU DeviceId: 0x1916 (for the marketing name, search the web for "GPU Device Id")
[2017.11.28-14.45.32:579][  0]LogWindows: EnumDisplayDevices:
[2017.11.28-14.45.32:579][  0]LogWindows:    0. 'Intel(R) HD Graphics 520' (P:1 D:1)
[2017.11.28-14.45.32:580][  0]LogWindows:    1. 'Intel(R) HD Graphics 520' (P:0 D:0)
[2017.11.28-14.45.32:580][  0]LogWindows:    2. 'Intel(R) HD Graphics 520' (P:0 D:0)
[2017.11.28-14.45.32:580][  0]LogWindows: DebugString: GetVideoDriverDetailsInvalid PrimaryIsNotTheChoosenAdapter GetVideoDriverDetailsInvalid PrimaryIsNotTheChoosenAdapter GetVideoDriverDetailsInvalid PrimaryIsNotTheChoosenAdapter FoundDriverCount:0 
[2017.11.28-14.45.32:580][  0]LogD3D11RHI:     Adapter Name: Intel(R) HD Graphics 520
[2017.11.28-14.45.32:580][  0]LogD3D11RHI:   Driver Version: Unknown (internal:Unknown, unified:Unknown)
[2017.11.28-14.45.32:580][  0]LogD3D11RHI:      Driver Date: Unknown
[2017.11.28-14.45.32:580][  0]LogRHI: Texture pool is 1361 MB (70% of 1945 MB)
[2017.11.28-14.45.32:586][  0]LogD3D11RHI: Async texture creation enabled
[2017.11.28-14.45.32:593][  0]LogD3D11RHI: GPU Timing Frequency: 12.000000 (Debug: 2 0)
[2017.11.28-14.45.32:594][  0]LogShaderCompilers: Guid format shader working directory is -34 characters bigger than the processId version (../../../../../../Users/giuli/Documents/git_rep/ArchImportazioni/ArchImportiamo/Intermediate/Shaders/WorkingDirectory/20320/).
[2017.11.28-14.45.32:594][  0]LogShaderCompilers: Cleaned the shader compiler working directory 'C:/Users/giuli/AppData/Local/Temp/UnrealShaderWorkingDir/820690484509082E3867269F9071CE6B/'.
[2017.11.28-14.45.32:594][  0]LogShaderCompilers:Display: Using Local Shader Compiler.
[2017.11.28-14.45.34:628][  0]LogTemp:Display: Loaded TP AllDesktopTargetPlatform
[2017.11.28-14.45.34:722][  0]LogTemp:Display: Loaded TP MacClientTargetPlatform
[2017.11.28-14.45.34:828][  0]LogTemp:Display: Loaded TP MacNoEditorTargetPlatform
[2017.11.28-14.45.34:941][  0]LogTemp:Display: Loaded TP MacServerTargetPlatform
[2017.11.28-14.45.35:037][  0]LogTemp:Display: Loaded TP MacTargetPlatform
[2017.11.28-14.45.35:138][  0]LogTemp:Display: Loaded TP WindowsClientTargetPlatform
[2017.11.28-14.45.35:242][  0]LogTemp:Display: Loaded TP WindowsNoEditorTargetPlatform
[2017.11.28-14.45.35:347][  0]LogTemp:Display: Loaded TP WindowsServerTargetPlatform
[2017.11.28-14.45.35:446][  0]LogTemp:Display: Loaded TP WindowsTargetPlatform
[2017.11.28-14.45.35:544][  0]LogTemp:Display: Loaded TP AndroidTargetPlatform
[2017.11.28-14.45.35:632][  0]LogTemp:Display: Loaded TP Android_ASTCTargetPlatform
[2017.11.28-14.45.35:731][  0]LogTemp:Display: Loaded TP Android_ATCTargetPlatform
[2017.11.28-14.45.35:832][  0]LogTemp:Display: Loaded TP Android_DXTTargetPlatform
[2017.11.28-14.45.35:932][  0]LogTemp:Display: Loaded TP Android_ETC1TargetPlatform
[2017.11.28-14.45.36:024][  0]LogTemp:Display: Loaded TP Android_ETC2TargetPlatform
[2017.11.28-14.45.36:218][  0]LogTemp:Display: Loaded TP Android_MultiTargetPlatform
[2017.11.28-14.45.36:218][  0]LogTemp:Display: Loaded TP Android_PVRTCTargetPlatform
[2017.11.28-14.45.36:308][  0]LogTemp:Display: Loaded TP HTML5TargetPlatform
[2017.11.28-14.45.36:474][  0]LogTemp:Display: Loaded TP IOSTargetPlatform
[2017.11.28-14.45.36:529][  0]LogTemp:Display: Loaded TP TVOSTargetPlatform
[2017.11.28-14.45.36:631][  0]LogTemp:Display: Loaded TP LinuxClientTargetPlatform
[2017.11.28-14.45.36:727][  0]LogTemp:Display: Loaded TP LinuxNoEditorTargetPlatform
[2017.11.28-14.45.36:825][  0]LogTemp:Display: Loaded TP LinuxServerTargetPlatform
[2017.11.28-14.45.36:919][  0]LogTemp:Display: Loaded TP LinuxTargetPlatform
[2017.11.28-14.45.36:919][  0]LogTargetPlatformManager:Display: Building Assets For Windows
[2017.11.28-14.45.37:917][  0]LogDerivedDataCache:Display: Max Cache Size: 512 MB
[2017.11.28-14.45.38:339][  0]LogDerivedDataCache: Loaded boot cache 0.42s 90MB C:/Users/giuli/AppData/Local/UnrealEngine/4.16/DerivedDataCache/Boot.ddc.
[2017.11.28-14.45.38:339][  0]LogDerivedDataCache:Display: Loaded Boot cache: C:/Users/giuli/AppData/Local/UnrealEngine/4.16/DerivedDataCache/Boot.ddc
[2017.11.28-14.45.38:340][  0]LogDerivedDataCache: FDerivedDataBackendGraph:  Pak pak cache file ../../../../../../Users/giuli/Documents/git_rep/ArchImportazioni/ArchImportiamo/DerivedDataCache/DDC.ddp not found, will not use a pak cache.
[2017.11.28-14.45.38:340][  0]LogDerivedDataCache: Unable to find inner node Pak for hierarchical cache Hierarchy.
[2017.11.28-14.45.38:340][  0]LogDerivedDataCache: FDerivedDataBackendGraph:  CompressedPak pak cache file ../../../../../../Users/giuli/Documents/git_rep/ArchImportazioni/ArchImportiamo/DerivedDataCache/Compressed.ddp not found, will not use a pak cache.
[2017.11.28-14.45.38:340][  0]LogDerivedDataCache: Unable to find inner node CompressedPak for hierarchical cache Hierarchy.
[2017.11.28-14.45.38:372][  0]LogDerivedDataCache:Display: Pak cache opened for reading ../../../Engine/DerivedDataCache/Compressed.ddp.
[2017.11.28-14.45.38:389][  0]LogDerivedDataCache: Using Local data cache path C:/Users/giuli/AppData/Local/UnrealEngine/Common/DerivedDataCache: Writable
[2017.11.28-14.45.38:406][  0]LogMaterial: Verifying Global Shaders for PCD3D_SM5
[2017.11.28-14.45.38:407][  0]LogSlate: Using Freetype 2.6.0
[2017.11.28-14.45.38:410][  0]LogSlate: SlateFontCache - WITH_FREETYPE: 1, WITH_HARFBUZZ: 1
[2017.11.28-14.45.38:410][  0]LogSlate: SlateFontCache - WITH_FREETYPE: 1, WITH_HARFBUZZ: 1
[2017.11.28-14.45.39:327][  0]LogInit: Selected Device Profile: [Windows]
[2017.11.28-14.45.39:478][  0]LogContentStreaming: Texture pool size is 0.00 MB
[2017.11.28-14.45.39:771][  0]LogMeshUtilities: Using QuadricMeshReduction for automatic static mesh reduction
[2017.11.28-14.45.39:858][  0]LogSimplygon: Simplygon DLL not present - disabling.
[2017.11.28-14.45.39:950][  0]LogMeshUtilities: Using SimplygonSwarm for distributed automatic mesh merging
[2017.11.28-14.45.39:950][  0]LogMeshUtilities: No automatic skeletal mesh reduction module available
[2017.11.28-14.45.39:950][  0]LogMeshUtilities: No automatic mesh merging module available
[2017.11.28-14.45.40:990][  0]LogNetVersion: ArchImportiamo , NetCL: 3452394, EngineNetVer: 2, GameNetVer: 0 (Checksum: 788347396)
[2017.11.28-14.45.41:088][  0]LogAssetRegistry: FAssetRegistry took 0.0273 seconds to start up
[2017.11.28-14.45.41:196][  0]LogPackageLocalizationCache: Processed 4 localized package path(s) for 1 prioritized culture(s) in 0.050952 seconds
[2017.11.28-14.45.41:209][  0]LogUObjectArray: 34194 objects as part of root set at end of initial load.
[2017.11.28-14.45.41:210][  0]LogUObjectAllocator: 7260424 out of 0 bytes used by permanent object pool.
[2017.11.28-14.45.41:210][  0]LogUObjectArray: CloseDisregardForGC: 0/0 objects in disregard for GC pool
[2017.11.28-14.45.41:393][  0]LogInit: WinSock: version 1.1 (2.2), MaxSocks=32767, MaxUdp=65467
[2017.11.28-14.45.47:497][  0]LogTcpMessaging: Initializing TcpMessaging bridge
[2017.11.28-14.45.47:562][  0]LogUdpMessaging: Initializing bridge on interface 0.0.0.0:0 to multicast group 230.0.0.1:6666.
[2017.11.28-14.45.48:593][  0]LogMaterial: Uniform references updated for custom material expression Custom.
[2017.11.28-14.45.49:411][  0]SourceControl: Info Source control is disabled
[2017.11.28-14.45.49:530][  0]SourceControl: Info Source control is disabled
[2017.11.28-14.45.49:625][  0]SourceControl: Info Source control is disabled
[2017.11.28-14.45.49:729][  0]SourceControl: Info Source control is disabled
[2017.11.28-14.45.51:178][  0]LogAndroidPermission: UAndroidPermissionCallbackProxy::GetInstance
[2017.11.28-14.45.52:370][  0]LogEngine: Initializing Engine...
[2017.11.28-14.45.52:373][  0]LogHMD: Failed to initialize OpenVR with code 110
[2017.11.28-14.45.52:698][  0]LogStats: UGameplayTagsManager::ConstructGameplayTagTree: Construct from data asset -  0.000 s
[2017.11.28-14.45.52:698][  0]LogStats: UGameplayTagsManager::ConstructGameplayTagTree: GameplayTagTreeChangedEvent.Broadcast -  0.000 s
[2017.11.28-14.45.52:971][  0]LogAIModule: Creating AISystem for world Untitled
[2017.11.28-14.45.52:985][  0]LogInit: XAudio2 using 'Altoparlanti (Realtek High Definition Audio(SST))' : 2 channels at 48 kHz using 32 bits per sample (channel mask 0x3)
[2017.11.28-14.45.53:013][  0]LogInit: FAudioDevice initialized.
[2017.11.28-14.45.53:082][  0]LogDerivedDataCache: Saved boot cache 0.07s 90MB C:/Users/giuli/AppData/Local/UnrealEngine/4.16/DerivedDataCache/Boot.ddc.
[2017.11.28-14.45.53:100][  0]LogInit: Texture streaming: Enabled
[2017.11.28-14.45.53:289][  0]LogEngineSessionManager: EngineSessionManager initialized
[2017.11.28-14.45.53:778][  0]LogInit: Transaction tracking system initialized
[2017.11.28-14.45.54:451][  0]BlueprintLog: New page: Editor Load
[2017.11.28-14.45.56:544][  0]LocalizationService: Info Localization service is disabled
[2017.11.28-14.45.58:285][  0]LogConsoleResponse:Display: 
[2017.11.28-14.45.58:580][  0]LogCook:Display: Max memory allowance for cook 16384mb min free memory 0mb
[2017.11.28-14.45.58:581][  0]LogCook:Display: Mobile HDR setting 1
[2017.11.28-14.45.59:187][  0]LogFileCache: Scanning file cache for directory 'C:/Users/giuli/Documents/git_rep/ArchImportazioni/ArchImportiamo/Content/' took 0.02s
[2017.11.28-14.46.00:683][  0]SourceControl: Info Source control is disabled
[2017.11.28-14.46.00:683][  0]Cmd: MAP LOAD FILE="../../../../../../Users/giuli/Documents/git_rep/ArchImportazioni/ArchImportiamo/Content/ShowCase.umap" TEMPLATE=0 SHOWPROGRESS=1 FEATURELEVEL=3
[2017.11.28-14.46.00:684][  0]LightingResults: New page: Lighting Build
[2017.11.28-14.46.00:766][  0]MapCheck: New page: Map Check
[2017.11.28-14.46.00:766][  0]LightingResults: New page: Lighting Build
[2017.11.28-14.46.02:417][  0]LogAIModule: Creating AISystem for world ShowCase
[2017.11.28-14.46.02:660][  0]LogEditorServer: Finished looking for orphan Actors (0.000 secs)
[2017.11.28-14.46.02:700][  0]Cmd: MAP CHECKDEP NOCLEARLOG
[2017.11.28-14.46.02:781][  0]MapCheck: Info Map check complete: 0 Error(s), 0 Warning(s), took 81.112ms to complete.
[2017.11.28-14.46.02:781][  0]LogFileHelpers: Loading map 'ShowCase' took 2.098
[2017.11.28-14.46.02:865][  0]LogWindowsTextInputMethodSystem:Display: IME system now deactivated.
[2017.11.28-14.46.02:866][  0]LogWindowsTextInputMethodSystem:Display: IME system now deactivated.
[2017.11.28-14.46.03:027][  0]LogCollectionManager: Loaded 0 collections in 0.002256 seconds
[2017.11.28-14.46.03:195][  0]LogFileCache: Scanning file cache for directory 'C:/Users/giuli/Documents/git_rep/ArchImportazioni/ArchImportiamo/Saved/Collections/' took 0.01s
[2017.11.28-14.46.03:195][  0]LogFileCache: Scanning file cache for directory 'C:/Users/giuli/Documents/git_rep/ArchImportazioni/ArchImportiamo/Content/Developers/giuli/Collections/' took 0.01s
[2017.11.28-14.46.03:195][  0]LogFileCache: Scanning file cache for directory 'C:/Users/giuli/Documents/git_rep/ArchImportazioni/ArchImportiamo/Content/Collections/' took 0.01s
[2017.11.28-14.46.03:195][  0]LogCollectionManager: Rebuilt the GUID cache for 0 collections in 0.000002 seconds
[2017.11.28-14.46.03:216][  0]LogContentBrowser: Native class hierarchy populated in 0.0207 seconds. Added 2329 classes and 491 folders.
[2017.11.28-14.46.03:406][  0]LogContentBrowser: Native class hierarchy updated for 'WidgetCarousel' in 0.0007 seconds. Added 0 classes and 0 folders.
[2017.11.28-14.46.03:556][  0]LogContentBrowser: Native class hierarchy updated for 'AddContentDialog' in 0.0006 seconds. Added 0 classes and 0 folders.
[2017.11.28-14.46.03:637][  0]LogContentBrowser: Native class hierarchy updated for 'SceneOutliner' in 0.0009 seconds. Added 1 classes and 2 folders.
[2017.11.28-14.46.03:715][  0]LogCrashTracker: Crashtracker disabled due to settings.
[2017.11.28-14.46.03:723][  0]LogSlate: Took 0.001943 seconds to synchronously load lazily loaded font '../../../Engine/Content/Slate/Fonts/Roboto-Regular.ttf' (155K)
[2017.11.28-14.46.03:727][  0]LogSlate: Took 0.001617 seconds to synchronously load lazily loaded font '../../../Engine/Content/Slate/Fonts/Roboto-Bold.ttf' (160K)
[2017.11.28-14.46.03:737][  0]LogSlate: Took 0.002210 seconds to synchronously load lazily loaded font '../../../Engine/Content/Editor/Slate/Fonts/FontAwesome.ttf' (139K)
[2017.11.28-14.46.03:885][  0]LogRenderer: Reallocating scene render targets to support 784x536 NumSamples 1 (Frame:1).
[2017.11.28-14.46.04:803][  0]LogSlate: Took 0.003001 seconds to synchronously load lazily loaded font '../../../Engine/Content/Slate/Fonts/Roboto-Light.ttf' (159K)
[2017.11.28-14.46.04:946][  0]LogUObjectGlobals:Warning: Failed to find object 'Class None.'
[2017.11.28-14.46.05:068][  0]LogContentBrowser: Native class hierarchy updated for 'HierarchicalLODOutliner' in 0.0013 seconds. Added 1 classes and 2 folders.
[2017.11.28-14.46.05:069][  0]LogLoad: (Engine Initialization) Total time: 37.49 seconds
[2017.11.28-14.46.05:069][  0]LogLoad: (Engine Initialization) Total Blueprint compile time: 0.20 seconds
[2017.11.28-14.46.05:069][  0]LogExternalProfiler: Found external profiler: VSPerf
[2017.11.28-14.46.05:069][  0]LogExternalProfiler: Using external profiler: VSPerf
[2017.11.28-14.46.05:094][  0]LogEditorViewport: Clicking on Actor (LMB): Landscape (Landscape)
[2017.11.28-14.46.05:193][  0]LogOcInput: OculusInput pre-init called
[2017.11.28-14.46.05:193][  0]LogHMD: Starting GearVRController plugin
[2017.11.28-14.46.05:215][  0]LogContentStreaming: Texture pool size now 1000 MB
[2017.11.28-14.46.06:716][  7]LogAssetRegistry: Asset discovery search completed in 25.6509 seconds
[2017.11.28-14.46.06:728][  7]LogCollectionManager: Rebuilt the object cache for 0 collections in 0.000001 seconds (found 0 objects)
[2017.11.28-14.46.06:728][  7]LogCollectionManager: Fixed up redirectors for 0 collections in 0.000093 seconds (updated 0 objects)
[2017.11.28-14.46.13:322][121]LogSlate: Took 0.000636 seconds to synchronously load lazily loaded font '../../../Engine/Content/Slate/Fonts/Roboto-Light.ttf' (159K)
[2017.11.28-14.46.13:937][121]LogSlate: Took 0.000245 seconds to synchronously load lazily loaded font '../../../Engine/Content/Slate/Fonts/Roboto-Regular.ttf' (155K)
[2017.11.28-14.46.14:121][121]LogContentBrowser: Native class hierarchy updated for 'BlueprintGraph' in 0.0011 seconds. Added 112 classes and 0 folders.
[2017.11.28-14.46.15:200][121]LogSlate: Took 0.002612 seconds to synchronously load lazily loaded font '../../../Engine/Content/Editor/Slate/Fonts/Roboto-BoldCondensed.ttf' (158K)
[2017.11.28-14.46.17:361][147]LogRenderer: Reallocating scene render targets to support 832x536 NumSamples 1 (Frame:1).
[2017.11.28-14.46.47:790][455]LogSlate: Took 0.003353 seconds to synchronously load lazily loaded font '../../../Engine/Content/Editor/Slate/Fonts/Roboto-Italic.ttf' (157K)
[2017.11.28-14.49.12:486][754]LogSlate: Took 0.000704 seconds to synchronously load lazily loaded font '../../../Engine/Content/Slate/Fonts/Roboto-Light.ttf' (159K)
[2017.11.28-14.49.17:368][811]Cmd: TRANSACTION UNDO
[2017.11.28-14.49.17:368][811]LogEditorTransaction: Undo Replace component used material
[2017.11.28-14.49.47:447][239]LogMaterial: Missing cached shader map for material Crot2, compiling. 
[2017.11.28-14.49.47:741][239]LogMaterial: Missing cached shader map for material Crot2, compiling. 
[2017.11.28-14.49.47:795][239]LogMaterial: Missing cached shader map for material Crot2, compiling. 
[2017.11.28-14.49.47:873][239]LogMaterial: Missing cached shader map for material FMatExpressionPreview MaterialExpressionTextureSample_1, compiling. 
[2017.11.28-14.49.47:887][239]LogMaterial: Missing cached shader map for material FMatExpressionPreview MaterialExpressionTextureSample_2, compiling. 
[2017.11.28-14.49.47:906][239]LogMaterial: Missing cached shader map for material FMatExpressionPreview MaterialExpressionTextureSample_0, compiling. 
[2017.11.28-14.50.13:151][594]LogMaterial: Missing cached shader map for material Crot2, compiling. 
[2017.11.28-14.50.19:676][697]LogMaterial: Missing cached shader map for material Crot2, compiling. 
[2017.11.28-14.50.19:729][697]LogMaterial: Missing cached shader map for material FMatExpressionPreview MaterialExpressionTextureSample_0, compiling. 
[2017.11.28-14.50.22:932][746]LogMaterial: Missing cached shader map for material Crot2, compiling. 
[2017.11.28-14.50.33:792][904]LogMaterial: Missing cached shader map for material Crot2, compiling. 
[2017.11.28-14.50.35:762][928]LogMaterial: Missing cached shader map for material Crot2, compiling. 
[2017.11.28-14.50.35:823][928]LogMaterial:Warning: FMaterialUniformExpressionTexture had invalid TextureIndex! (2 / 2)
[2017.11.28-14.50.38:630][962]LogMaterial: Missing cached shader map for material Crot2, compiling. 
[2017.11.28-14.50.43:419][ 27]LogMaterialEditor: Applying material Crot2
[2017.11.28-14.50.46:159][ 27]LogMaterial: Missing cached shader map for material Crot2, compiling. 
[2017.11.28-14.50.46:307][ 27]LogMaterial: Missing cached shader map for material Crot2, compiling. 
[2017.11.28-14.50.46:389][ 27]LogMaterial: Missing cached shader map for material Crot2, compiling. 
[2017.11.28-14.50.46:574][ 27]LogMaterial: Missing cached shader map for material FDebugViewModeMaterialProxy Crot2, compiling. 
[2017.11.28-14.50.51:956][ 27]TextureStreamingBuild:Display: Compiling optional shaders took 5.398 seconds.
[2017.11.28-14.50.56:703][ 84]LogMaterialEditor: Saving and Compiling material Crot2
[2017.11.28-14.51.02:667][ 84]Cmd: OBJ SAVEPACKAGE PACKAGE="/Game/tank/Crot2" FILE="../../../../../../Users/giuli/Documents/git_rep/ArchImportazioni/ArchImportiamo/Content/tank/Crot2.uasset" SILENT=true
[2017.11.28-14.51.02:724][ 84]LogSavePackage: Save=34.16ms
[2017.11.28-14.51.02:724][ 84]LogSavePackage: Moving '../../../../../../Users/giuli/Documents/git_rep/ArchImportazioni/ArchImportiamo/Saved/Crot2C1326A40490C025113C350BE103C7550.tmp' to '../../../../../../Users/giuli/Documents/git_rep/ArchImportazioni/ArchImportiamo/Content/tank/Crot2.uasset'
[2017.11.28-14.51.02:738][ 84]LogSavePackage:Display: Finished SavePackage ../../../../../../Users/giuli/Documents/git_rep/ArchImportazioni/ArchImportiamo/Content/tank/Crot2.uasset
[2017.11.28-14.51.02:761][ 84]MaterialEditorStats: Info Base pass shader: 81 instructions
[2017.11.28-14.51.02:761][ 84]MaterialEditorStats: Info Vertex shader: 31 instructions
[2017.11.28-14.51.02:761][ 84]MaterialEditorStats: Info Texture samplers: 3/16
[2017.11.28-14.51.02:761][ 84]MaterialEditorStats: Info User interpolators: 2/4 Scalars (1/4 Vectors) (TexCoords: 2, Custom: 0)
[2017.11.28-14.51.34:028][356]Cmd: OBJ SAVEPACKAGE PACKAGE="/Game/tank/leopard_v2" FILE="../../../../../../Users/giuli/Documents/git_rep/ArchImportazioni/ArchImportiamo/Content/tank/leopard_v2.uasset" SILENT=true
[2017.11.28-14.51.34:181][356]LogSavePackage: Save=118.29ms
[2017.11.28-14.51.34:181][356]LogSavePackage: Moving '../../../../../../Users/giuli/Documents/git_rep/ArchImportazioni/ArchImportiamo/Saved/leopard_v20D4E42C7487BC0D7075EE4B56B9777BF.tmp' to '../../../../../../Users/giuli/Documents/git_rep/ArchImportazioni/ArchImportiamo/Content/tank/leopard_v2.uasset'
[2017.11.28-14.51.34:196][356]LogSavePackage:Display: Finished SavePackage ../../../../../../Users/giuli/Documents/git_rep/ArchImportazioni/ArchImportiamo/Content/tank/leopard_v2.uasset
[2017.11.28-14.51.38:290][402]Cmd: OBJ SAVEPACKAGE PACKAGE="/Game/ShowCase" FILE="../../../../../../Users/giuli/Documents/git_rep/ArchImportazioni/ArchImportiamo/Content/ShowCase.umap" SILENT=true AUTOSAVING=false KEEPDIRTY=false
[2017.11.28-14.51.40:894][402]LogSavePackage: Save=2394.74ms
[2017.11.28-14.51.40:894][402]LogSavePackage: Moving '../../../../../../Users/giuli/Documents/git_rep/ArchImportazioni/ArchImportiamo/Saved/ShowCaseBCD6CB6D40CBF475026EF8A899CAEB99.tmp' to '../../../../../../Users/giuli/Documents/git_rep/ArchImportazioni/ArchImportiamo/Content/ShowCase.umap'
[2017.11.28-14.51.40:910][402]LogSavePackage:Display: Finished SavePackage ../../../../../../Users/giuli/Documents/git_rep/ArchImportazioni/ArchImportiamo/Content/ShowCase.umap
[2017.11.28-14.51.40:962][402]Cmd: OBJ SAVEPACKAGE PACKAGE="/Game/ShowCase_BuiltData" FILE="../../../../../../Users/giuli/Documents/git_rep/ArchImportazioni/ArchImportiamo/Content/ShowCase_BuiltData.uasset" SILENT=true
[2017.11.28-14.51.44:400][402]LogSavePackage: Save=3272.96ms
[2017.11.28-14.51.44:400][402]LogSavePackage: Moving '../../../../../../Users/giuli/Documents/git_rep/ArchImportazioni/ArchImportiamo/Saved/ShowCase_BuiltDataA9A694C74501E8B077236EA6323671F3.tmp' to '../../../../../../Users/giuli/Documents/git_rep/ArchImportazioni/ArchImportiamo/Content/ShowCase_BuiltData.uasset'
[2017.11.28-14.51.44:424][402]LogSavePackage:Display: Finished SavePackage ../../../../../../Users/giuli/Documents/git_rep/ArchImportazioni/ArchImportiamo/Content/ShowCase_BuiltData.uasset
[2017.11.28-14.52.06:083][757]LogTemp: Repeting last play command: Selected Viewport
[2017.11.28-14.52.06:620][757]LogPlayLevel: PlayLevel: No blueprints needed recompiling
[2017.11.28-14.52.06:626][757]PIE: New page: PIE session: ShowCase (Nov 28, 2017, 4:52:06 PM)
[2017.11.28-14.52.06:626][757]LogPlayLevel: Creating play world package: /Game/UEDPIE_0_ShowCase
[2017.11.28-14.52.06:723][757]LogPlayLevel: PIE: StaticDuplicateObject took: (0.096533s)
[2017.11.28-14.52.06:724][757]LogAIModule: Creating AISystem for world ShowCase
[2017.11.28-14.52.06:725][757]LogPlayLevel: PIE: World Init took: (0.001513s)
[2017.11.28-14.52.06:727][757]LogPlayLevel: PIE: Created PIE world by copying editor world from /Game/ShowCase.ShowCase to /Game/UEDPIE_0_ShowCase.ShowCase (0.100262s)
[2017.11.28-14.52.06:817][757]LogInit: XAudio2 using 'Altoparlanti (Realtek High Definition Audio(SST))' : 2 channels at 48 kHz using 32 bits per sample (channel mask 0x3)
[2017.11.28-14.52.06:857][757]LogInit: FAudioDevice initialized.
[2017.11.28-14.52.08:101][757]LogLoad: Game class is 'FirstPersonGameMode_C'
[2017.11.28-14.52.08:140][757]LogWorld: Bringing World /Game/UEDPIE_0_ShowCase.ShowCase up for play (max tick rate 0) at 2017.11.28-15.52.08
[2017.11.28-14.52.08:144][757]LogWorld: Bringing up level for play took: 0.024258
[2017.11.28-14.52.08:521][757]LogContentBrowser: Native class hierarchy updated for 'MovieSceneCapture' in 0.0016 seconds. Added 11 classes and 0 folders.
[2017.11.28-14.52.08:559][757]PIE: Info Play in editor start time for /Game/UEDPIE_0_ShowCase 1.46
[2017.11.28-14.54.02:827][873]LogMaterial: Missing cached shader map for material Crot2, compiling. 
[2017.11.28-14.54.03:197][873]LogMaterial: Missing cached shader map for material Crot2, compiling. 
[2017.11.28-14.54.03:254][873]LogMaterial: Missing cached shader map for material Crot2, compiling. 
[2017.11.28-14.54.03:336][873]LogMaterial: Missing cached shader map for material FMatExpressionPreview MaterialExpressionTextureSample_0, compiling. 
[2017.11.28-14.56.34:566][642]Cmd: OBJ SAVEPACKAGE PACKAGE="/Game/tank/leopard_v2" FILE="../../../../../../Users/giuli/Documents/git_rep/ArchImportazioni/ArchImportiamo/Content/tank/leopard_v2.uasset" SILENT=true
[2017.11.28-14.56.34:719][642]LogSavePackage: Save=101.52ms
[2017.11.28-14.56.34:719][642]LogSavePackage: Moving '../../../../../../Users/giuli/Documents/git_rep/ArchImportazioni/ArchImportiamo/Saved/leopard_v28E86C8AC4D2BE774BAA34DB09A819318.tmp' to '../../../../../../Users/giuli/Documents/git_rep/ArchImportazioni/ArchImportiamo/Content/tank/leopard_v2.uasset'
[2017.11.28-14.56.34:742][642]LogSavePackage:Display: Finished SavePackage ../../../../../../Users/giuli/Documents/git_rep/ArchImportazioni/ArchImportiamo/Content/tank/leopard_v2.uasset
[2017.11.28-14.56.35:848][654]BlueprintLog: New page: Compile leopard_v2
[2017.11.28-14.57.22:725][  7]LogRenderer: Reallocating scene render targets to support 832x732 NumSamples 1 (Frame:1).
[2017.11.28-14.57.37:162][106]Cmd: OBJ SAVEPACKAGE PACKAGE="/Game/tank/leopard_v2" FILE="../../../../../../Users/giuli/Documents/git_rep/ArchImportazioni/ArchImportiamo/Content/tank/leopard_v2.uasset" SILENT=true
[2017.11.28-14.57.49:612][106]LogSavePackage: Save=84.94ms
[2017.11.28-14.57.49:612][106]LogSavePackage: Moving '../../../../../../Users/giuli/Documents/git_rep/ArchImportazioni/ArchImportiamo/Saved/leopard_v249D890CE414953EC5B83DE9F503D82CE.tmp' to '../../../../../../Users/giuli/Documents/git_rep/ArchImportazioni/ArchImportiamo/Content/tank/leopard_v2.uasset'
[2017.11.28-14.57.49:624][106]LogSavePackage:Display: Finished SavePackage ../../../../../../Users/giuli/Documents/git_rep/ArchImportazioni/ArchImportiamo/Content/tank/leopard_v2.uasset
[2017.11.28-14.58.47:271][544]LogRenderer: Reallocating scene render targets to support 1020x756 NumSamples 1 (Frame:13).
[2017.11.28-15.01.50:675][808]Cmd: OBJ SAVEPACKAGE PACKAGE="/Game/tank/leopard_v2" FILE="../../../../../../Users/giuli/Documents/git_rep/ArchImportazioni/ArchImportiamo/Content/tank/leopard_v2.uasset" SILENT=true
[2017.11.28-15.01.50:811][808]LogSavePackage: Save=94.34ms
[2017.11.28-15.01.50:811][808]LogSavePackage: Moving '../../../../../../Users/giuli/Documents/git_rep/ArchImportazioni/ArchImportiamo/Saved/leopard_v2EFBAF57B4D8D558B58DCD9801F364077.tmp' to '../../../../../../Users/giuli/Documents/git_rep/ArchImportazioni/ArchImportiamo/Content/tank/leopard_v2.uasset'
[2017.11.28-15.01.50:833][808]LogSavePackage:Display: Finished SavePackage ../../../../../../Users/giuli/Documents/git_rep/ArchImportazioni/ArchImportiamo/Content/tank/leopard_v2.uasset
[2017.11.28-15.01.52:552][822]LogActorComponent: UnregisterComponent: (/Engine/Transient.EditorFloorComp) Not registered. Aborting.
[2017.11.28-15.02.22:881][336]Cmd: OBJ SAVEPACKAGE PACKAGE="/Game/ShowCase" FILE="../../../../../../Users/giuli/Documents/git_rep/ArchImportazioni/ArchImportiamo/Content/ShowCase.umap" SILENT=true AUTOSAVING=false KEEPDIRTY=false
[2017.11.28-15.02.25:254][336]LogSavePackage: Save=2178.79ms
[2017.11.28-15.02.25:254][336]LogSavePackage: Moving '../../../../../../Users/giuli/Documents/git_rep/ArchImportazioni/ArchImportiamo/Saved/ShowCaseB851CB5D47A2E8F0826B42B8EB72D23E.tmp' to '../../../../../../Users/giuli/Documents/git_rep/ArchImportazioni/ArchImportiamo/Content/ShowCase.umap'
[2017.11.28-15.02.25:267][336]LogSavePackage:Display: Finished SavePackage ../../../../../../Users/giuli/Documents/git_rep/ArchImportazioni/ArchImportiamo/Content/ShowCase.umap
[2017.11.28-15.02.25:324][336]Cmd: OBJ SAVEPACKAGE PACKAGE="/Game/ShowCase_BuiltData" FILE="../../../../../../Users/giuli/Documents/git_rep/ArchImportazioni/ArchImportiamo/Content/ShowCase_BuiltData.uasset" SILENT=true
[2017.11.28-15.02.28:042][336]LogSavePackage: Save=2584.66ms
[2017.11.28-15.02.28:042][336]LogSavePackage: Moving '../../../../../../Users/giuli/Documents/git_rep/ArchImportazioni/ArchImportiamo/Saved/ShowCase_BuiltData5213EE884BA38EC86AE1CBBE1E1E2292.tmp' to '../../../../../../Users/giuli/Documents/git_rep/ArchImportazioni/ArchImportiamo/Content/ShowCase_BuiltData.uasset'
[2017.11.28-15.02.28:051][336]LogSavePackage:Display: Finished SavePackage ../../../../../../Users/giuli/Documents/git_rep/ArchImportazioni/ArchImportiamo/Content/ShowCase_BuiltData.uasset
[2017.11.28-15.02.30:737][383]LogWindowsTextInputMethodSystem:Display: IME system now deactivated.
[2017.11.28-15.02.30:738][383]LogWindowsTextInputMethodSystem:Display: IME system now deactivated.
[2017.11.28-15.02.31:289][384]Cmd: QUIT_EDITOR
[2017.11.28-15.02.32:238][384]LogExit: Preparing to exit.
[2017.11.28-15.02.34:014][384]LogDirectoryWatcher: A directory notification for 'C:/Users/giuli/Documents/git_rep/ArchImportazioni/ArchImportiamo/Content/' was aborted.
[2017.11.28-15.02.35:231][384]LogExit: Editor shut down
[2017.11.28-15.02.35:381][384]LogExit: Transaction tracking system shut down
[2017.11.28-15.02.38:843][384]LogObj: Freed 0b from 0 cluster array pools.
[2017.11.28-15.02.38:846][384]LogExit: Object subsystem successfully closed.
[2017.11.28-15.02.40:215][384]LogD3D11RHI: Shutdown
[2017.11.28-15.02.40:215][384]LogD3D11RHI: CleanupD3DDevice
[2017.11.28-15.02.44:340][384]LogD3D11RHI: ~FD3D11DynamicRHI
[2017.11.28-15.02.44:466][384]LogModuleManager: Shutting down and abandoning module StaticMeshEditor (536)
[2017.11.28-15.02.44:466][384]LogModuleManager: Shutting down and abandoning module MovieSceneCapture (534)
[2017.11.28-15.02.44:466][384]LogModuleManager: Shutting down and abandoning module MaterialEditor (532)
[2017.11.28-15.02.44:467][384]LogModuleManager: Shutting down and abandoning module HierarchicalLODUtilities (530)
[2017.11.28-15.02.44:467][384]LogModuleManager: Shutting down and abandoning module BlueprintGraph (528)
[2017.11.28-15.02.44:467][384]LogModuleManager: Shutting down and abandoning module BlueprintProfiler (526)
[2017.11.28-15.02.44:470][384]LogModuleManager: Shutting down and abandoning module HierarchicalLODOutliner (524)
[2017.11.28-15.02.44:470][384]LogModuleManager: Shutting down and abandoning module CrashTracker (522)
[2017.11.28-15.02.44:471][384]LogModuleManager: Shutting down and abandoning module SceneOutliner (520)
[2017.11.28-15.02.44:471][384]LogModuleManager: Shutting down and abandoning module AddContentDialog (518)
[2017.11.28-15.02.44:473][384]LogDirectoryWatcher: A directory notification for 'C:/Program Files/Epic Games/UE_4.16/FeaturePacks/' was aborted.
[2017.11.28-15.02.44:508][384]LogModuleManager: Shutting down and abandoning module WidgetCarousel (517)
[2017.11.28-15.02.44:508][384]LogModuleManager: Shutting down and abandoning module EditorWidgets (514)
[2017.11.28-15.02.44:508][384]LogModuleManager: Shutting down and abandoning module CollectionManager (512)
[2017.11.28-15.02.44:509][384]LogDirectoryWatcher: A directory notification for 'C:/Users/giuli/Documents/git_rep/ArchImportazioni/ArchImportiamo/Content/Collections/' was aborted.
[2017.11.28-15.02.44:509][384]LogDirectoryWatcher: A directory notification for 'C:/Users/giuli/Documents/git_rep/ArchImportazioni/ArchImportiamo/Content/Developers/giuli/Collections/' was aborted.
[2017.11.28-15.02.44:509][384]LogDirectoryWatcher: A directory notification for 'C:/Users/giuli/Documents/git_rep/ArchImportazioni/ArchImportiamo/Saved/Collections/' was aborted.
[2017.11.28-15.02.44:509][384]LogModuleManager: Shutting down and abandoning module StatsViewer (510)
[2017.11.28-15.02.44:511][384]LogModuleManager: Shutting down and abandoning module FoliageEdit (508)
[2017.11.28-15.02.44:511][384]LogModuleManager: Shutting down and abandoning module LandscapeEditor (506)
[2017.11.28-15.02.44:512][384]LogModuleManager: Shutting down and abandoning module MeshPaintMode (504)
[2017.11.28-15.02.44:513][384]LogModuleManager: Shutting down and abandoning module SceneDepthPickerMode (502)
[2017.11.28-15.02.44:513][384]LogModuleManager: Shutting down and abandoning module ActorPickerMode (500)
[2017.11.28-15.02.44:513][384]LogModuleManager: Shutting down and abandoning module GeometryMode (498)
[2017.11.28-15.02.44:513][384]LogModuleManager: Shutting down and abandoning module TextureAlignMode (496)
[2017.11.28-15.02.44:513][384]LogModuleManager: Shutting down and abandoning module BspMode (494)
[2017.11.28-15.02.44:513][384]LogModuleManager: Shutting down and abandoning module HardwareSurvey (492)
[2017.11.28-15.02.44:514][384]LogModuleManager: Shutting down and abandoning module SequenceRecorderSections (490)
[2017.11.28-15.02.44:514][384]LogModuleManager: Shutting down and abandoning module AutomationWorker (488)
[2017.11.28-15.02.44:515][384]LogModuleManager: Shutting down and abandoning module MatineeToLevelSequence (486)
[2017.11.28-15.02.44:516][384]LogModuleManager: Shutting down and abandoning module LevelSequenceEditor (484)
[2017.11.28-15.02.44:537][384]LogModuleManager: Shutting down and abandoning module PlacementMode (483)
[2017.11.28-15.02.44:537][384]LogModuleManager: Shutting down and abandoning module WmfMediaFactory (480)
[2017.11.28-15.02.44:537][384]LogModuleManager: Shutting down and abandoning module WmfMediaEditor (478)
[2017.11.28-15.02.44:537][384]LogModuleManager: Shutting down and abandoning module AvfMediaFactory (476)
[2017.11.28-15.02.44:537][384]LogModuleManager: Shutting down and abandoning module AvfMediaEditor (474)
[2017.11.28-15.02.44:537][384]LogModuleManager: Shutting down and abandoning module AndroidMediaFactory (472)
[2017.11.28-15.02.44:537][384]LogModuleManager: Shutting down and abandoning module Media (471)
[2017.11.28-15.02.44:537][384]LogModuleManager: Shutting down and abandoning module AndroidMediaEditor (468)
[2017.11.28-15.02.44:537][384]LogModuleManager: Shutting down and abandoning module CharacterAI (466)
[2017.11.28-15.02.44:538][384]LogModuleManager: Shutting down and abandoning module AudioCapture (464)
[2017.11.28-15.02.44:539][384]LogModuleManager: Shutting down and abandoning module SequenceRecorder (463)
[2017.11.28-15.02.44:547][384]LogModuleManager: Shutting down and abandoning module SmartSnapping (460)
[2017.11.28-15.02.44:547][384]LogModuleManager: Shutting down and abandoning module SessionServices (458)
[2017.11.28-15.02.44:547][384]LogModuleManager: Shutting down and abandoning module ViewportSnapping (456)
[2017.11.28-15.02.44:547][384]LogModuleManager: Shutting down and abandoning module ViewportInteraction (454)
[2017.11.28-15.02.44:547][384]LogModuleManager: Shutting down and abandoning module ClothPainter (452)
[2017.11.28-15.02.44:557][384]LogModuleManager: Shutting down and abandoning module LogVisualizer (450)
[2017.11.28-15.02.44:560][384]LogModuleManager: Shutting down and abandoning module IntroTutorials (448)
[2017.11.28-15.02.44:567][384]LogModuleManager: Shutting down and abandoning module GameProjectGeneration (447)
[2017.11.28-15.02.44:570][384]LogModuleManager: Shutting down and abandoning module EditorLiveStreaming (444)
[2017.11.28-15.02.44:570][384]LogModuleManager: Shutting down and abandoning module IOSPlatformEditor (442)
[2017.11.28-15.02.44:571][384]LogModuleManager: Shutting down and abandoning module HTML5PlatformEditor (440)
[2017.11.28-15.02.44:571][384]LogModuleManager: Shutting down and abandoning module AndroidPlatformEditor (438)
[2017.11.28-15.02.44:571][384]LogModuleManager: Shutting down and abandoning module AndroidDeviceDetection (437)
[2017.11.28-15.02.45:249][384]LogModuleManager: Shutting down and abandoning module IOSRuntimeSettings (434)
[2017.11.28-15.02.45:249][384]LogModuleManager: Shutting down and abandoning module AndroidRuntimeSettings (432)
[2017.11.28-15.02.45:249][384]LogModuleManager: Shutting down and abandoning module InputBindingEditor (430)
[2017.11.28-15.02.45:250][384]LogModuleManager: Shutting down and abandoning module MergeActors (428)
[2017.11.28-15.02.45:251][384]LogModuleManager: Shutting down and abandoning module SizeMap (426)
[2017.11.28-15.02.45:251][384]LogModuleManager: Shutting down and abandoning module TreeMap (424)
[2017.11.28-15.02.45:251][384]LogModuleManager: Shutting down and abandoning module ReferenceViewer (422)
[2017.11.28-15.02.45:252][384]LogModuleManager: Shutting down and abandoning module LocalizationDashboard (420)
[2017.11.28-15.02.45:253][384]LogModuleManager: Shutting down and abandoning module LocalizationService (419)
[2017.11.28-15.02.45:254][384]LogModuleManager: Shutting down and abandoning module HardwareTargeting (416)
[2017.11.28-15.02.45:254][384]LogModuleManager: Shutting down and abandoning module DeviceProfileEditor (414)
[2017.11.28-15.02.45:254][384]LogModuleManager: Shutting down and abandoning module UndoHistory (412)
[2017.11.28-15.02.45:255][384]LogModuleManager: Shutting down and abandoning module UserFeedback (410)
[2017.11.28-15.02.45:255][384]LogModuleManager: Shutting down and abandoning module XmlParser (408)
[2017.11.28-15.02.45:256][384]LogModuleManager: Shutting down and abandoning module Blutility (406)
[2017.11.28-15.02.45:256][384]LogModuleManager: Shutting down and abandoning module ProjectSettingsViewer (404)
[2017.11.28-15.02.45:257][384]LogModuleManager: Shutting down and abandoning module ProjectTargetPlatformEditor (403)
[2017.11.28-15.02.45:257][384]LogModuleManager: Shutting down and abandoning module EditorSettingsViewer (400)
[2017.11.28-15.02.45:257][384]LogModuleManager: Shutting down and abandoning module SettingsEditor (398)
[2017.11.28-15.02.45:259][384]LogModuleManager: Shutting down and abandoning module ProjectLauncher (396)
[2017.11.28-15.02.45:260][384]LogModuleManager: Shutting down and abandoning module SessionFrontend (394)
[2017.11.28-15.02.45:262][384]LogModuleManager: Shutting down and abandoning module ProfilerClient (392)
[2017.11.28-15.02.45:263][384]LogModuleManager: Shutting down and abandoning module DeviceManager (390)
[2017.11.28-15.02.45:264][384]LogModuleManager: Shutting down and abandoning module TargetDeviceServices (389)
[2017.11.28-15.02.45:309][384]LogModuleManager: Shutting down and abandoning module AutomationController (386)
[2017.11.28-15.02.45:309][384]LogModuleManager: Shutting down and abandoning module AutomationWindow (384)
[2017.11.28-15.02.45:311][384]LogModuleManager: Shutting down and abandoning module Layers (382)
[2017.11.28-15.02.45:315][384]LogModuleManager: Shutting down and abandoning module ComponentVisualizers (380)
[2017.11.28-15.02.45:315][384]LogModuleManager: Shutting down and abandoning module DetailCustomizations (378)
[2017.11.28-15.02.45:315][384]LogModuleManager: Shutting down and abandoning module PackagesDialog (376)
[2017.11.28-15.02.45:316][384]LogModuleManager: Shutting down and abandoning module Persona (374)
[2017.11.28-15.02.45:318][384]LogModuleManager: Shutting down and abandoning module AdvancedPreviewScene (373)
[2017.11.28-15.02.45:318][384]LogModuleManager: Shutting down and abandoning module AnimGraph (371)
[2017.11.28-15.02.45:318][384]LogModuleManager: Shutting down and abandoning module Kismet (368)
[2017.11.28-15.02.45:330][384]LogModuleManager: Shutting down and abandoning module ClassViewer (366)
[2017.11.28-15.02.45:330][384]LogModuleManager: Shutting down and abandoning module Toolbox (364)
[2017.11.28-15.02.45:331][384]LogModuleManager: Shutting down and abandoning module ModuleUI (362)
[2017.11.28-15.02.45:332][384]LogModuleManager: Shutting down and abandoning module MovieSceneTools (360)
[2017.11.28-15.02.45:334][384]LogModuleManager: Shutting down and abandoning module OutputLog (358)
[2017.11.28-15.02.45:334][384]LogModuleManager: Shutting down and abandoning module GammaUI (356)
[2017.11.28-15.02.45:335][384]LogModuleManager: Shutting down and abandoning module Documentation (354)
[2017.11.28-15.02.45:335][384]LogModuleManager: Shutting down and abandoning module MovieSceneTracks (352)
[2017.11.28-15.02.45:335][384]LogModuleManager: Shutting down and abandoning module MovieScene (350)
[2017.11.28-15.02.45:335][384]LogModuleManager: Shutting down and abandoning module Niagara (348)
[2017.11.28-15.02.45:335][384]LogModuleManager: Shutting down and abandoning module NiagaraEditor (347)
[2017.11.28-15.02.45:340][384]LogModuleManager: Shutting down and abandoning module StreamingPauseRendering (344)
[2017.11.28-15.02.45:340][384]LogModuleManager: Shutting down and abandoning module AnalyticsET (342)
[2017.11.28-15.02.45:340][384]LogModuleManager: Shutting down and abandoning module PortalServices (340)
[2017.11.28-15.02.45:340][384]LogModuleManager: Shutting down and abandoning module PortalRpc (338)
[2017.11.28-15.02.45:340][384]LogModuleManager: Shutting down and abandoning module MessagingRpc (336)
[2017.11.28-15.02.45:340][384]LogModuleManager: Shutting down and abandoning module AIModule (334)
[2017.11.28-15.02.45:340][384]LogModuleManager: Shutting down and abandoning module GameplayDebugger (333)
[2017.11.28-15.02.45:340][384]LogModuleManager: Shutting down and abandoning module AITestSuite (331)
[2017.11.28-15.02.45:341][384]LogModuleManager: Shutting down and abandoning module ProfilerService (328)
[2017.11.28-15.02.45:467][384]LogModuleManager: Shutting down and abandoning module TaskGraph (326)
[2017.11.28-15.02.45:468][384]LogModuleManager: Shutting down and abandoning module SteamVRController (324)
[2017.11.28-15.02.45:468][384]LogModuleManager: Shutting down and abandoning module SteamVR (322)
[2017.11.28-15.02.45:468][384]LogModuleManager: Shutting down and abandoning module ProceduralMeshComponentEditor (320)
[2017.11.28-15.02.45:469][384]LogModuleManager: Shutting down and abandoning module ProceduralMeshComponent (318)
[2017.11.28-15.02.45:469][384]LogModuleManager: Shutting down and abandoning module OculusLibrary (316)
[2017.11.28-15.02.45:469][384]LogModuleManager: Shutting down and abandoning module OculusInput (314)
[2017.11.28-15.02.45:469][384]LogModuleManager: Shutting down and abandoning module MobilePatchingUtils (312)
[2017.11.28-15.02.45:469][384]LogModuleManager: Shutting down and abandoning module CustomMeshComponent (310)
[2017.11.28-15.02.45:469][384]LogModuleManager: Shutting down and abandoning module CableComponent (308)
[2017.11.28-15.02.45:470][384]LogModuleManager: Shutting down and abandoning module ArchVisCharacter (306)
[2017.11.28-15.02.45:470][384]LogModuleManager: Shutting down and abandoning module AndroidPermission (304)
[2017.11.28-15.02.45:470][384]LogModuleManager: Shutting down and abandoning module MediaPlayerEditor (300)
[2017.11.28-15.02.45:473][384]LogModuleManager: Shutting down and abandoning module HTML5Networking (298)
[2017.11.28-15.02.45:473][384]LogModuleManager: Shutting down and abandoning module AlembicImporter (296)
[2017.11.28-15.02.45:473][384]LogModuleManager: Shutting down and abandoning module AlembicLibrary (295)
[2017.11.28-15.02.45:473][384]LogModuleManager: Shutting down and abandoning module GeometryCache (294)
[2017.11.28-15.02.45:473][384]LogModuleManager: Shutting down and abandoning module GeometryCacheEd (293)
[2017.11.28-15.02.45:473][384]LogModuleManager: Shutting down and abandoning module SuperSearchEditor (288)
[2017.11.28-15.02.45:473][384]LogModuleManager: Shutting down and abandoning module SuperSearch (287)
[2017.11.28-15.02.45:473][384]LogModuleManager: Shutting down and abandoning module SpeedTreeImporter (284)
[2017.11.28-15.02.45:473][384]LogModuleManager: Shutting down and abandoning module PluginBrowser (282)
[2017.11.28-15.02.45:477][384]LogModuleManager: Shutting down and abandoning module MobileLauncherProfileWizard (280)
[2017.11.28-15.02.45:479][384]LogModuleManager: Shutting down and abandoning module VisualStudioSourceCodeAccess (278)
[2017.11.28-15.02.45:479][384]LogModuleManager: Shutting down and abandoning module DesktopPlatform (277)
[2017.11.28-15.02.45:479][384]LogModuleManager: Shutting down and abandoning module UObjectPlugin (274)
[2017.11.28-15.02.45:479][384]LogModuleManager: Shutting down and abandoning module SubversionSourceControl (272)
[2017.11.28-15.02.45:480][384]LogModuleManager: Shutting down and abandoning module PerforceSourceControl (270)
[2017.11.28-15.02.45:481][384]LogModuleManager: Shutting down and abandoning module GitSourceControl (268)
[2017.11.28-15.02.45:483][384]LogModuleManager: Shutting down and abandoning module SourceControl (267)
[2017.11.28-15.02.45:484][384]LogModuleManager: Shutting down and abandoning module LightPropagationVolumeEditor (264)
[2017.11.28-15.02.45:484][384]LogModuleManager: Shutting down and abandoning module PaperTiledImporter (262)
[2017.11.28-15.02.45:484][384]LogModuleManager: Shutting down and abandoning module PaperSpriteSheetImporter (260)
[2017.11.28-15.02.45:484][384]LogModuleManager: Shutting down and abandoning module Paper2DEditor (258)
[2017.11.28-15.02.45:485][384]LogModuleManager: Shutting down and abandoning module MeshPaint (257)
[2017.11.28-15.02.45:485][384]LogModuleManager: Shutting down and abandoning module LevelEditor (255)
[2017.11.28-15.02.45:487][384]LogModuleManager: Shutting down and abandoning module PixelInspectorModule (254)
[2017.11.28-15.02.45:489][384]LogModuleManager: Shutting down and abandoning module MainFrame (252)
[2017.11.28-15.02.45:490][384]LogModuleManager: Shutting down and abandoning module HotReload (251)
[2017.11.28-15.02.45:492][384]LogModuleManager: Shutting down and abandoning module PhysXVehiclesEditor (246)
[2017.11.28-15.02.45:492][384]LogModuleManager: Shutting down and abandoning module PhysXVehicles (244)
[2017.11.28-15.02.45:493][384]LogModuleManager: Shutting down and abandoning module LocationServicesBPLibrary (242)
[2017.11.28-15.02.45:493][384]LogModuleManager: Shutting down and abandoning module ImmediatePhysicsEditor (240)
[2017.11.28-15.02.45:493][384]LogModuleManager: Shutting down and abandoning module ImmediatePhysics (238)
[2017.11.28-15.02.45:493][384]LogModuleManager: Shutting down and abandoning module UdpMessaging (236)
[2017.11.28-15.02.45:595][384]LogModuleManager: Shutting down and abandoning module TcpMessaging (234)
[2017.11.28-15.02.45:696][384]LogModuleManager: Shutting down and abandoning module GameplayTagsEditor (232)
[2017.11.28-15.02.45:698][384]LogModuleManager: Shutting down and abandoning module FacialAnimationEditor (230)
[2017.11.28-15.02.45:699][384]LogModuleManager: Shutting down and abandoning module FacialAnimation (228)
[2017.11.28-15.02.45:699][384]LogModuleManager: Shutting down and abandoning module AssetManagerEditor (226)
[2017.11.28-15.02.45:701][384]LogModuleManager: Shutting down and abandoning module GraphEditor (225)
[2017.11.28-15.02.45:701][384]LogModuleManager: Shutting down and abandoning module ContentBrowser (223)
[2017.11.28-15.02.45:703][384]LogModuleManager: Shutting down and abandoning module LightPropagationVolumeRuntime (220)
[2017.11.28-15.02.45:703][384]LogModuleManager: Shutting down and abandoning module Paper2D (218)
[2017.11.28-15.02.45:704][384]LogModuleManager: Shutting down and abandoning module WindowsMoviePlayer (216)
[2017.11.28-15.02.45:704][384]LogModuleManager: Shutting down and abandoning module WmfMedia (214)
[2017.11.28-15.02.45:712][384]LogModuleManager: Shutting down and abandoning module ClothingSystemEditor (212)
[2017.11.28-15.02.45:712][384]LogModuleManager: Shutting down and abandoning module ClothingSystemRuntime (210)
[2017.11.28-15.02.45:713][384]LogModuleManager: Shutting down and abandoning module MediaAssets (208)
[2017.11.28-15.02.45:713][384]LogModuleManager: Shutting down and abandoning module GameLiveStreaming (206)
[2017.11.28-15.02.45:714][384]LogModuleManager: Shutting down and abandoning module VREditor (204)
[2017.11.28-15.02.45:714][384]LogModuleManager: Shutting down and abandoning module StringTableEditor (202)
[2017.11.28-15.02.45:716][384]LogModuleManager: Shutting down and abandoning module GameplayTasksEditor (200)
[2017.11.28-15.02.45:716][384]LogModuleManager: Shutting down and abandoning module BehaviorTreeEditor (198)
[2017.11.28-15.02.45:718][384]LogModuleManager: Shutting down and abandoning module FunctionalTesting (196)
[2017.11.28-15.02.45:718][384]LogModuleManager: Shutting down and abandoning module CollisionAnalyzer (194)
[2017.11.28-15.02.45:720][384]LogModuleManager: Shutting down and abandoning module UMG (192)
[2017.11.28-15.02.45:721][384]LogModuleManager: Shutting down and abandoning module UMGEditor (191)
[2017.11.28-15.02.45:724][384]LogModuleManager: Shutting down and abandoning module Sequencer (190)
[2017.11.28-15.02.45:727][384]LogModuleManager: Shutting down and abandoning module AssetTools (188)
[2017.11.28-15.02.45:729][384]LogModuleManager: Shutting down and abandoning module MessageLog (187)
[2017.11.28-15.02.45:730][384]LogModuleManager: Shutting down and abandoning module WorkspaceMenuStructure (186)
[2017.11.28-15.02.45:730][384]LogModuleManager: Shutting down and abandoning module SlateReflector (180)
[2017.11.28-15.02.45:734][384]LogModuleManager: Shutting down and abandoning module Slate (178)
[2017.11.28-15.02.45:734][384]LogModuleManager: Shutting down and abandoning module EditorStyle (176)
[2017.11.28-15.02.45:742][384]LogModuleManager: Shutting down and abandoning module SourceCodeAccess (174)
[2017.11.28-15.02.45:742][384]LogModuleManager: Shutting down and abandoning module HeadMountedDisplay (172)
[2017.11.28-15.02.45:742][384]LogModuleManager: Shutting down and abandoning module XAudio2 (170)
[2017.11.28-15.02.45:742][384]LogModuleManager: Shutting down and abandoning module Networking (168)
[2017.11.28-15.02.45:742][384]LogModuleManager: Shutting down and abandoning module Core (164)
[2017.11.28-15.02.45:742][384]LogModuleManager: Shutting down and abandoning module AssetRegistry (162)
[2017.11.28-15.02.45:979][384]LogDirectoryWatcher: A directory notification for '../../../Engine/Content/' was aborted.
[2017.11.28-15.02.45:979][384]LogDirectoryWatcher: A directory notification for '../../../../../../Users/giuli/Documents/git_rep/ArchImportazioni/ArchImportiamo/Content/' was aborted.
[2017.11.28-15.02.45:979][384]LogDirectoryWatcher: A directory notification for '../../../Engine/Plugins/2D/Paper2D/Content/' was aborted.
[2017.11.28-15.02.45:979][384]LogDirectoryWatcher: A directory notification for '../../../Engine/Plugins/Runtime/GearVR/Content/' was aborted.
[2017.11.28-15.02.45:992][384]LogModuleManager: Shutting down and abandoning module DirectoryWatcher (161)
[2017.11.28-15.02.46:000][384]LogModuleManager: Shutting down and abandoning module KismetCompiler (158)
[2017.11.28-15.02.46:000][384]LogModuleManager: Shutting down and abandoning module LevelSequence (156)
[2017.11.28-15.02.46:000][384]LogModuleManager: Shutting down and abandoning module PhysXFormats (154)
[2017.11.28-15.02.46:000][384]LogModuleManager: Shutting down and abandoning module MeshUtilities (152)
[2017.11.28-15.02.46:003][384]LogModuleManager: Shutting down and abandoning module SimplygonSwarm (151)
[2017.11.28-15.02.46:004][384]LogModuleManager: Shutting down and abandoning module SimplygonMeshReduction (149)
[2017.11.28-15.02.46:005][384]LogModuleManager: Shutting down and abandoning module QuadricMeshReduction (147)
[2017.11.28-15.02.46:007][384]LogModuleManager: Shutting down and abandoning module DerivedDataCache (144)
[2017.11.28-15.02.46:080][384]LogDerivedDataCache: Shutdown
[2017.11.28-15.02.46:080][384]LogModuleManager: Shutting down and abandoning module TargetPlatform (142)
[2017.11.28-15.02.46:080][384]LogModuleManager: Shutting down and abandoning module VulkanShaderFormat (141)
[2017.11.28-15.02.46:082][384]LogModuleManager: Shutting down and abandoning module ShaderFormatVectorVM (139)
[2017.11.28-15.02.46:083][384]LogModuleManager: Shutting down and abandoning module ShaderFormatOpenGL (137)
[2017.11.28-15.02.46:083][384]LogModuleManager: Shutting down and abandoning module ShaderFormatD3D (135)
[2017.11.28-15.02.46:084][384]LogModuleManager: Shutting down and abandoning module MetalShaderFormat (133)
[2017.11.28-15.02.46:084][384]LogModuleManager: Shutting down and abandoning module TextureFormatUncompressed (131)
[2017.11.28-15.02.46:084][384]LogModuleManager: Shutting down and abandoning module TextureFormatPVR (129)
[2017.11.28-15.02.46:084][384]LogModuleManager: Shutting down and abandoning module TextureFormatDXT (127)
[2017.11.28-15.02.46:085][384]LogModuleManager: Shutting down and abandoning module TextureFormatIntelISPCTexComp (125)
[2017.11.28-15.02.46:085][384]LogModuleManager: Shutting down and abandoning module TextureFormatASTC (123)
[2017.11.28-15.02.46:085][384]LogModuleManager: Shutting down and abandoning module ImageWrapper (122)
[2017.11.28-15.02.46:085][384]LogModuleManager: Shutting down and abandoning module TextureFormatAndroid (119)
[2017.11.28-15.02.46:085][384]LogModuleManager: Shutting down and abandoning module AudioFormatOpus (117)
[2017.11.28-15.02.46:085][384]LogModuleManager: Shutting down and abandoning module AudioFormatOgg (115)
[2017.11.28-15.02.46:085][384]LogModuleManager: Shutting down and abandoning module AudioFormatADPCM (113)
[2017.11.28-15.02.46:085][384]LogModuleManager: Shutting down and abandoning module LinuxTargetPlatform (111)
[2017.11.28-15.02.46:085][384]LogModuleManager: Shutting down and abandoning module LinuxServerTargetPlatform (109)
[2017.11.28-15.02.46:085][384]LogModuleManager: Shutting down and abandoning module LinuxNoEditorTargetPlatform (107)
[2017.11.28-15.02.46:085][384]LogModuleManager: Shutting down and abandoning module LinuxClientTargetPlatform (105)
[2017.11.28-15.02.46:085][384]LogModuleManager: Shutting down and abandoning module TVOSTargetPlatform (103)
[2017.11.28-15.02.46:085][384]LogModuleManager: Shutting down and abandoning module Messaging (101)
[2017.11.28-15.02.46:085][384]LogModuleManager: Shutting down and abandoning module IOSTargetPlatform (99)
[2017.11.28-15.02.46:085][384]LogModuleManager: Shutting down and abandoning module HTML5TargetPlatform (97)
[2017.11.28-15.02.46:085][384]LogModuleManager: Shutting down and abandoning module Android_PVRTCTargetPlatform (95)
[2017.11.28-15.02.46:086][384]LogModuleManager: Shutting down and abandoning module Android_MultiTargetPlatform (93)
[2017.11.28-15.02.46:086][384]LogModuleManager: Shutting down and abandoning module Android_ETC2TargetPlatform (91)
[2017.11.28-15.02.46:086][384]LogModuleManager: Shutting down and abandoning module Android_ETC1TargetPlatform (89)
[2017.11.28-15.02.46:086][384]LogModuleManager: Shutting down and abandoning module Android_DXTTargetPlatform (87)
[2017.11.28-15.02.46:087][384]LogModuleManager: Shutting down and abandoning module Android_ATCTargetPlatform (85)
[2017.11.28-15.02.46:087][384]LogModuleManager: Shutting down and abandoning module Android_ASTCTargetPlatform (83)
[2017.11.28-15.02.46:087][384]LogModuleManager: Shutting down and abandoning module AndroidTargetPlatform (81)
[2017.11.28-15.02.46:087][384]LogModuleManager: Shutting down and abandoning module WindowsTargetPlatform (79)
[2017.11.28-15.02.46:087][384]LogModuleManager: Shutting down and abandoning module WindowsServerTargetPlatform (77)
[2017.11.28-15.02.46:087][384]LogModuleManager: Shutting down and abandoning module WindowsNoEditorTargetPlatform (75)
[2017.11.28-15.02.46:087][384]LogModuleManager: Shutting down and abandoning module WindowsClientTargetPlatform (73)
[2017.11.28-15.02.46:088][384]LogModuleManager: Shutting down and abandoning module MacTargetPlatform (71)
[2017.11.28-15.02.46:088][384]LogModuleManager: Shutting down and abandoning module MacServerTargetPlatform (69)
[2017.11.28-15.02.46:088][384]LogModuleManager: Shutting down and abandoning module MacNoEditorTargetPlatform (67)
[2017.11.28-15.02.46:088][384]LogModuleManager: Shutting down and abandoning module MacClientTargetPlatform (65)
[2017.11.28-15.02.46:088][384]LogModuleManager: Shutting down and abandoning module AllDesktopTargetPlatform (63)
[2017.11.28-15.02.46:088][384]LogModuleManager: Shutting down and abandoning module InputCore (60)
[2017.11.28-15.02.46:088][384]LogModuleManager: Shutting down and abandoning module Settings (58)
[2017.11.28-15.02.46:088][384]LogModuleManager: Shutting down and abandoning module OculusRift (56)
[2017.11.28-15.02.46:088][384]LogModuleManager: Shutting down and abandoning module GearVRController (54)
[2017.11.28-15.02.46:088][384]LogModuleManager: Shutting down and abandoning module GearVR (52)
[2017.11.28-15.02.46:089][384]LogModuleManager: Shutting down and abandoning module ExampleDeviceProfileSelector (50)
[2017.11.28-15.02.46:089][384]LogModuleManager: Shutting down and abandoning module OnlineBlueprintSupport (48)
[2017.11.28-15.02.46:089][384]LogModuleManager: Shutting down and abandoning module OnlineSubsystem (44)
[2017.11.28-15.02.46:089][384]LogOnline:Display: Unloading online subsystem: NULL
[2017.11.28-15.02.46:091][384]LogModuleManager: Shutting down and abandoning module XMPP (43)
[2017.11.28-15.02.46:092][384]LogModuleManager: Shutting down and abandoning module HTTP (41)
[2017.11.28-15.02.46:093][384]LogHttp:Display: Http module shutting down, but needs to wait on 1 outstanding Http requests:
[2017.11.28-15.02.46:093][384]LogHttp:Display: 	verb=[POST] url=[https://datarouter.ol.epicgames.com/datarouter/api/v1/public/data?SessionID=%7B46C943F4-44D8-CE84-DD96-169758500315%7D&AppID=UEEditor.Rocket.Release&AppVersion=4.16.3-3561208%2B%2B%2BUE4%2BRelease-4.16&UserID=45a8f4cf48de3d1a6c2cc68578b53b47%7C68b28449b37e4eac99203910d9fdba96%7C13bec4b4-8fac-450e-ba5b-0078e25690ba&AppEnvironment=datacollector-binary&UploadType=eteventstream] status=Processing
[2017.11.28-15.02.46:093][384]LogHttp:Display: Sleeping 0.5s to wait for 1 outstanding Http requests.
[2017.11.28-15.02.46:593][384]LogHttp:Display: Sleeping 0.5s to wait for 1 outstanding Http requests.
[2017.11.28-15.02.47:094][384]LogHttp:Display: Sleeping 0.5s to wait for 1 outstanding Http requests.
[2017.11.28-15.02.47:601][384]LogHttp:Display: Sleeping 0.5s to wait for 1 outstanding Http requests.
[2017.11.28-15.02.48:102][384]LogHttp:Display: Sleeping 0.5s to wait for 1 outstanding Http requests.
[2017.11.28-15.02.48:602][384]LogHttp:Display: Sleeping 0.5s to wait for 1 outstanding Http requests.
[2017.11.28-15.02.49:103][384]LogHttp:Display: Sleeping 0.5s to wait for 1 outstanding Http requests.
[2017.11.28-15.02.49:603][384]LogHttp:Display: Sleeping 0.5s to wait for 1 outstanding Http requests.
[2017.11.28-15.02.50:104][384]LogHttp:Display: Sleeping 0.5s to wait for 1 outstanding Http requests.
[2017.11.28-15.02.50:606][384]LogHttp:Display: Sleeping 0.5s to wait for 1 outstanding Http requests.
[2017.11.28-15.02.51:107][384]LogHttp:Display: Sleeping 0.5s to wait for 1 outstanding Http requests.
[2017.11.28-15.02.51:608][384]LogHttp:Display: Sleeping 0.5s to wait for 1 outstanding Http requests.
[2017.11.28-15.02.52:108][384]LogHttp:Display: Sleeping 0.5s to wait for 1 outstanding Http requests.
[2017.11.28-15.02.52:609][384]LogHttp:Display: Sleeping 0.5s to wait for 1 outstanding Http requests.
[2017.11.28-15.02.53:109][384]LogHttp:Display: Sleeping 0.5s to wait for 1 outstanding Http requests.
[2017.11.28-15.02.53:610][384]LogHttp:Display: Sleeping 0.5s to wait for 1 outstanding Http requests.
[2017.11.28-15.02.54:140][384]LogModuleManager: Shutting down and abandoning module SSL (40)
[2017.11.28-15.02.54:145][384]LogModuleManager: Shutting down and abandoning module HTTPChunkInstaller (36)
[2017.11.28-15.02.54:147][384]LogModuleManager: Shutting down and abandoning module AnimationModifiers (34)
[2017.11.28-15.02.54:147][384]LogModuleManager: Shutting down and abandoning module PropertyEditor (33)
[2017.11.28-15.02.54:147][384]LogModuleManager: Shutting down and abandoning module AudioEditor (30)
[2017.11.28-15.02.54:149][384]LogModuleManager: Shutting down and abandoning module TextureCompressor (28)
[2017.11.28-15.02.54:150][384]LogModuleManager: Shutting down and abandoning module ShaderCore (26)
[2017.11.28-15.02.54:150][384]LogModuleManager: Shutting down and abandoning module Landscape (24)
[2017.11.28-15.02.54:150][384]LogModuleManager: Shutting down and abandoning module SlateRHIRenderer (22)
[2017.11.28-15.02.54:156][384]LogModuleManager: Shutting down and abandoning module OpenGLDrv (20)
[2017.11.28-15.02.54:157][384]LogModuleManager: Shutting down and abandoning module D3D11RHI (18)
[2017.11.28-15.02.54:157][384]LogModuleManager: Shutting down and abandoning module AnimGraphRuntime (16)
[2017.11.28-15.02.54:157][384]LogModuleManager: Shutting down and abandoning module Renderer (14)
[2017.11.28-15.02.54:157][384]LogModuleManager: Shutting down and abandoning module Engine (12)
[2017.11.28-15.02.54:157][384]LogModuleManager: Shutting down and abandoning module CoreUObject (10)
[2017.11.28-15.02.54:157][384]LogModuleManager: Shutting down and abandoning module NetworkFile (8)
[2017.11.28-15.02.54:158][384]LogModuleManager: Shutting down and abandoning module StreamingFile (6)
[2017.11.28-15.02.54:158][384]LogModuleManager: Shutting down and abandoning module SandboxFile (4)
[2017.11.28-15.02.54:158][384]LogModuleManager: Shutting down and abandoning module PakFile (2)
[2017.11.28-15.02.54:163][384]LogExit: Exiting.
[2017.11.28-15.02.54:181][384]Log file closed, 11/28/17 16:02:54
